[DEBUG] 2018-11-28 18:27:26.697 [http-nio-8080-exec-7] SimulatorStartup - in Simulator Startup
[DEBUG] 2018-11-28 18:27:26.708 [http-nio-8080-exec-7] SimulatorStartup - submit: null
[DEBUG] 2018-11-28 18:27:26.708 [http-nio-8080-exec-7] SimulatorStartup - id: 1
[DEBUG] 2018-11-28 18:27:26.708 [http-nio-8080-exec-7] SimulatorStartup - column: A
[DEBUG] 2018-11-28 18:27:26.708 [http-nio-8080-exec-7] SimulatorStartup - row: 1
[DEBUG] 2018-11-28 18:28:25.498 [http-nio-8080-exec-1] GenericDao - Searching for user with categoryDescription = Frozen Blended
[DEBUG] 2018-11-28 18:28:25.604 [http-nio-8080-exec-1] SimulatorActiveTest - category is... Frozen Blended
[DEBUG] 2018-11-28 18:28:25.606 [http-nio-8080-exec-1] SimulatorActiveTest - id is..........2
[DEBUG] 2018-11-28 18:28:25.931 [http-nio-8080-exec-2] SimulatorStartup - in Simulator Startup
[DEBUG] 2018-11-28 18:28:25.931 [http-nio-8080-exec-2] SimulatorStartup - submit: 2
[DEBUG] 2018-11-28 18:28:25.931 [http-nio-8080-exec-2] SimulatorStartup - id: 2
[DEBUG] 2018-11-28 18:28:25.931 [http-nio-8080-exec-2] SimulatorStartup - column: A
[DEBUG] 2018-11-28 18:28:25.931 [http-nio-8080-exec-2] SimulatorStartup - row: 2
[DEBUG] 2018-11-28 18:28:27.670 [http-nio-8080-exec-4] GenericDao - Searching for user with categoryDescription = Brewed Coffee
[DEBUG] 2018-11-28 18:28:27.710 [http-nio-8080-exec-4] SimulatorActiveTest - category is... Brewed Coffee
[DEBUG] 2018-11-28 18:28:27.710 [http-nio-8080-exec-4] SimulatorActiveTest - id is..........3
[DEBUG] 2018-11-28 18:28:27.857 [http-nio-8080-exec-4] SimulatorStartup - in Simulator Startup
[DEBUG] 2018-11-28 18:28:27.862 [http-nio-8080-exec-4] SimulatorStartup - submit: 3
[DEBUG] 2018-11-28 18:28:27.862 [http-nio-8080-exec-4] SimulatorStartup - id: 3
[DEBUG] 2018-11-28 18:28:27.862 [http-nio-8080-exec-4] SimulatorStartup - column: A
[DEBUG] 2018-11-28 18:28:27.862 [http-nio-8080-exec-4] SimulatorStartup - row: 3
[DEBUG] 2018-11-28 18:28:29.443 [http-nio-8080-exec-6] GenericDao - Searching for user with categoryDescription = Tea Drinks
[DEBUG] 2018-11-28 18:28:29.469 [http-nio-8080-exec-6] SimulatorActiveTest - category is... Tea Drinks
[DEBUG] 2018-11-28 18:28:29.469 [http-nio-8080-exec-6] SimulatorActiveTest - id is..........4
[DEBUG] 2018-11-28 18:28:29.637 [http-nio-8080-exec-6] SimulatorStartup - in Simulator Startup
[DEBUG] 2018-11-28 18:28:29.638 [http-nio-8080-exec-6] SimulatorStartup - submit: 4
[DEBUG] 2018-11-28 18:28:29.638 [http-nio-8080-exec-6] SimulatorStartup - id: 4
[DEBUG] 2018-11-28 18:28:29.638 [http-nio-8080-exec-6] SimulatorStartup - column: A
[DEBUG] 2018-11-28 18:28:29.638 [http-nio-8080-exec-6] SimulatorStartup - row: 4
[DEBUG] 2018-11-28 18:28:31.295 [http-nio-8080-exec-7] GenericDao - Searching for user with categoryDescription = Cold Bottled
[DEBUG] 2018-11-28 18:28:31.326 [http-nio-8080-exec-7] SimulatorActiveTest - category is... Cold Bottled
[DEBUG] 2018-11-28 18:28:31.327 [http-nio-8080-exec-7] SimulatorActiveTest - id is..........5
[DEBUG] 2018-11-28 18:28:31.444 [http-nio-8080-exec-7] SimulatorStartup - in Simulator Startup
[DEBUG] 2018-11-28 18:28:31.447 [http-nio-8080-exec-7] SimulatorStartup - submit: 5
[DEBUG] 2018-11-28 18:28:31.447 [http-nio-8080-exec-7] SimulatorStartup - id: 5
[DEBUG] 2018-11-28 18:28:31.448 [http-nio-8080-exec-7] SimulatorStartup - column: A
[DEBUG] 2018-11-28 18:28:31.448 [http-nio-8080-exec-7] SimulatorStartup - row: 5
[DEBUG] 2018-11-28 18:28:32.532 [http-nio-8080-exec-10] GenericDao - Searching for user with categoryDescription = Bakery Items
[DEBUG] 2018-11-28 18:28:32.553 [http-nio-8080-exec-10] SimulatorActiveTest - category is... Bakery Items
[DEBUG] 2018-11-28 18:28:32.553 [http-nio-8080-exec-10] SimulatorActiveTest - id is..........6
[DEBUG] 2018-11-28 18:28:32.671 [http-nio-8080-exec-10] SimulatorStartup - in Simulator Startup
[DEBUG] 2018-11-28 18:28:32.676 [http-nio-8080-exec-10] SimulatorStartup - submit: 6
[DEBUG] 2018-11-28 18:28:32.676 [http-nio-8080-exec-10] SimulatorStartup - id: 6
[DEBUG] 2018-11-28 18:28:32.676 [http-nio-8080-exec-10] SimulatorStartup - column: A
[DEBUG] 2018-11-28 18:28:32.676 [http-nio-8080-exec-10] SimulatorStartup - row: 6
[DEBUG] 2018-11-28 18:28:34.527 [http-nio-8080-exec-2] GenericDao - Searching for user with categoryDescription = Espresso Drinks
[DEBUG] 2018-11-28 18:28:34.548 [http-nio-8080-exec-2] SimulatorActiveTest - category is... Espresso Drinks
[DEBUG] 2018-11-28 18:28:34.548 [http-nio-8080-exec-2] SimulatorActiveTest - id is..........1
[DEBUG] 2018-11-28 18:28:34.652 [http-nio-8080-exec-2] SimulatorStartup - in Simulator Startup
[DEBUG] 2018-11-28 18:28:34.652 [http-nio-8080-exec-2] SimulatorStartup - submit: 1
[DEBUG] 2018-11-28 18:28:34.652 [http-nio-8080-exec-2] SimulatorStartup - id: 1
[DEBUG] 2018-11-28 18:28:34.652 [http-nio-8080-exec-2] SimulatorStartup - column: A
[DEBUG] 2018-11-28 18:28:34.652 [http-nio-8080-exec-2] SimulatorStartup - row: 1
[DEBUG] 2018-11-28 18:28:36.373 [http-nio-8080-exec-4] GenericDao - Searching for user with categoryDescription = Frozen Blended
[DEBUG] 2018-11-28 18:28:36.391 [http-nio-8080-exec-4] SimulatorActiveTest - category is... Frozen Blended
[DEBUG] 2018-11-28 18:28:36.391 [http-nio-8080-exec-4] SimulatorActiveTest - id is..........2
[DEBUG] 2018-11-28 18:28:36.490 [http-nio-8080-exec-4] SimulatorStartup - in Simulator Startup
[DEBUG] 2018-11-28 18:28:36.491 [http-nio-8080-exec-4] SimulatorStartup - submit: 2
[DEBUG] 2018-11-28 18:28:36.491 [http-nio-8080-exec-4] SimulatorStartup - id: 2
[DEBUG] 2018-11-28 18:28:36.491 [http-nio-8080-exec-4] SimulatorStartup - column: A
[DEBUG] 2018-11-28 18:28:36.491 [http-nio-8080-exec-4] SimulatorStartup - row: 2
[DEBUG] 2018-11-28 18:28:39.365 [http-nio-8080-exec-6] GenericDao - Searching for user with categoryDescription = Brewed Coffee
[DEBUG] 2018-11-28 18:28:39.385 [http-nio-8080-exec-6] SimulatorActiveTest - category is... Brewed Coffee
[DEBUG] 2018-11-28 18:28:39.385 [http-nio-8080-exec-6] SimulatorActiveTest - id is..........3
[DEBUG] 2018-11-28 18:28:39.468 [http-nio-8080-exec-6] SimulatorStartup - in Simulator Startup
[DEBUG] 2018-11-28 18:28:39.471 [http-nio-8080-exec-6] SimulatorStartup - submit: 3
[DEBUG] 2018-11-28 18:28:39.471 [http-nio-8080-exec-6] SimulatorStartup - id: 3
[DEBUG] 2018-11-28 18:28:39.471 [http-nio-8080-exec-6] SimulatorStartup - column: A
[DEBUG] 2018-11-28 18:28:39.471 [http-nio-8080-exec-6] SimulatorStartup - row: 3
[DEBUG] 2018-11-28 18:30:19.220 [http-nio-8080-exec-9] GenericDao - Searching for user with categoryDescription = Frozen Blended
[DEBUG] 2018-11-28 18:30:19.239 [http-nio-8080-exec-9] SimulatorActiveTest - category is... Frozen Blended
[DEBUG] 2018-11-28 18:30:19.239 [http-nio-8080-exec-9] SimulatorActiveTest - id is..........2
[DEBUG] 2018-11-28 18:30:19.345 [http-nio-8080-exec-10] SimulatorStartup - in Simulator Startup
[DEBUG] 2018-11-28 18:30:19.345 [http-nio-8080-exec-10] SimulatorStartup - submit: 2
[DEBUG] 2018-11-28 18:30:19.345 [http-nio-8080-exec-10] SimulatorStartup - id: 2
[DEBUG] 2018-11-28 18:30:19.345 [http-nio-8080-exec-10] SimulatorStartup - column: A
[DEBUG] 2018-11-28 18:30:19.345 [http-nio-8080-exec-10] SimulatorStartup - row: 2
[DEBUG] 2018-11-28 18:30:20.255 [http-nio-8080-exec-2] GenericDao - Searching for user with categoryDescription = Tea Drinks
[DEBUG] 2018-11-28 18:30:20.270 [http-nio-8080-exec-2] SimulatorActiveTest - category is... Tea Drinks
[DEBUG] 2018-11-28 18:30:20.270 [http-nio-8080-exec-2] SimulatorActiveTest - id is..........4
[DEBUG] 2018-11-28 18:30:20.361 [http-nio-8080-exec-3] SimulatorStartup - in Simulator Startup
[DEBUG] 2018-11-28 18:30:20.361 [http-nio-8080-exec-3] SimulatorStartup - submit: 4
[DEBUG] 2018-11-28 18:30:20.361 [http-nio-8080-exec-3] SimulatorStartup - id: 4
[DEBUG] 2018-11-28 18:30:20.361 [http-nio-8080-exec-3] SimulatorStartup - column: A
[DEBUG] 2018-11-28 18:30:20.361 [http-nio-8080-exec-3] SimulatorStartup - row: 4
[DEBUG] 2018-11-28 18:30:21.248 [http-nio-8080-exec-5] GenericDao - Searching for user with categoryDescription = Bakery Items
[DEBUG] 2018-11-28 18:30:21.273 [http-nio-8080-exec-5] SimulatorActiveTest - category is... Bakery Items
[DEBUG] 2018-11-28 18:30:21.273 [http-nio-8080-exec-5] SimulatorActiveTest - id is..........6
[DEBUG] 2018-11-28 18:30:21.394 [http-nio-8080-exec-6] SimulatorStartup - in Simulator Startup
[DEBUG] 2018-11-28 18:30:21.394 [http-nio-8080-exec-6] SimulatorStartup - submit: 6
[DEBUG] 2018-11-28 18:30:21.394 [http-nio-8080-exec-6] SimulatorStartup - id: 6
[DEBUG] 2018-11-28 18:30:21.394 [http-nio-8080-exec-6] SimulatorStartup - column: A
[DEBUG] 2018-11-28 18:30:21.394 [http-nio-8080-exec-6] SimulatorStartup - row: 6
[DEBUG] 2018-11-28 18:33:41.169 [http-nio-8080-exec-9] SimulatorStartup - in Simulator Startup
[DEBUG] 2018-11-28 18:33:41.169 [http-nio-8080-exec-9] SimulatorStartup - submit: 6
[DEBUG] 2018-11-28 18:33:41.169 [http-nio-8080-exec-9] SimulatorStartup - id: 6
[DEBUG] 2018-11-28 18:33:41.169 [http-nio-8080-exec-9] SimulatorStartup - column: A
[DEBUG] 2018-11-28 18:33:41.169 [http-nio-8080-exec-9] SimulatorStartup - row: 6
[DEBUG] 2018-11-28 18:33:44.148 [http-nio-8080-exec-1] GenericDao - Searching for user with categoryDescription = Food Items
[DEBUG] 2018-11-28 18:33:44.163 [http-nio-8080-exec-1] SimulatorActiveTest - category is... Food Items
[DEBUG] 2018-11-28 18:33:44.163 [http-nio-8080-exec-1] SimulatorActiveTest - id is..........7
[DEBUG] 2018-11-28 18:33:44.286 [http-nio-8080-exec-1] SimulatorStartup - in Simulator Startup
[DEBUG] 2018-11-28 18:33:44.291 [http-nio-8080-exec-1] SimulatorStartup - submit: 7
[DEBUG] 2018-11-28 18:33:44.291 [http-nio-8080-exec-1] SimulatorStartup - id: 7
[DEBUG] 2018-11-28 18:33:44.291 [http-nio-8080-exec-1] SimulatorStartup - column: A
[DEBUG] 2018-11-28 18:33:44.291 [http-nio-8080-exec-1] SimulatorStartup - row: 7
[DEBUG] 2018-11-28 18:33:45.891 [http-nio-8080-exec-3] GenericDao - Searching for user with categoryDescription = Bakery Items
[DEBUG] 2018-11-28 18:33:45.904 [http-nio-8080-exec-3] SimulatorActiveTest - category is... Bakery Items
[DEBUG] 2018-11-28 18:33:45.904 [http-nio-8080-exec-3] SimulatorActiveTest - id is..........6
[DEBUG] 2018-11-28 18:33:45.975 [http-nio-8080-exec-3] SimulatorStartup - in Simulator Startup
[DEBUG] 2018-11-28 18:33:45.975 [http-nio-8080-exec-3] SimulatorStartup - submit: 6
[DEBUG] 2018-11-28 18:33:45.975 [http-nio-8080-exec-3] SimulatorStartup - id: 6
[DEBUG] 2018-11-28 18:33:45.975 [http-nio-8080-exec-3] SimulatorStartup - column: A
[DEBUG] 2018-11-28 18:33:45.975 [http-nio-8080-exec-3] SimulatorStartup - row: 6
[DEBUG] 2018-11-28 18:33:46.990 [http-nio-8080-exec-5] GenericDao - Searching for user with categoryDescription = Cold Bottled
[DEBUG] 2018-11-28 18:33:47.005 [http-nio-8080-exec-5] SimulatorActiveTest - category is... Cold Bottled
[DEBUG] 2018-11-28 18:33:47.005 [http-nio-8080-exec-5] SimulatorActiveTest - id is..........5
[DEBUG] 2018-11-28 18:33:47.089 [http-nio-8080-exec-5] SimulatorStartup - in Simulator Startup
[DEBUG] 2018-11-28 18:33:47.089 [http-nio-8080-exec-5] SimulatorStartup - submit: 5
[DEBUG] 2018-11-28 18:33:47.089 [http-nio-8080-exec-5] SimulatorStartup - id: 5
[DEBUG] 2018-11-28 18:33:47.089 [http-nio-8080-exec-5] SimulatorStartup - column: A
[DEBUG] 2018-11-28 18:33:47.089 [http-nio-8080-exec-5] SimulatorStartup - row: 5
[DEBUG] 2018-11-28 18:33:49.539 [http-nio-8080-exec-8] GenericDao - Searching for user with categoryDescription = Tea Drinks
[DEBUG] 2018-11-28 18:33:49.554 [http-nio-8080-exec-8] SimulatorActiveTest - category is... Tea Drinks
[DEBUG] 2018-11-28 18:33:49.554 [http-nio-8080-exec-8] SimulatorActiveTest - id is..........4
[DEBUG] 2018-11-28 18:33:49.618 [http-nio-8080-exec-8] SimulatorStartup - in Simulator Startup
[DEBUG] 2018-11-28 18:33:49.618 [http-nio-8080-exec-8] SimulatorStartup - submit: 4
[DEBUG] 2018-11-28 18:33:49.618 [http-nio-8080-exec-8] SimulatorStartup - id: 4
[DEBUG] 2018-11-28 18:33:49.619 [http-nio-8080-exec-8] SimulatorStartup - column: A
[DEBUG] 2018-11-28 18:33:49.619 [http-nio-8080-exec-8] SimulatorStartup - row: 4
[DEBUG] 2018-11-28 18:33:50.827 [http-nio-8080-exec-9] GenericDao - Searching for user with categoryDescription = Brewed Coffee
[DEBUG] 2018-11-28 18:33:50.836 [http-nio-8080-exec-9] SimulatorActiveTest - category is... Brewed Coffee
[DEBUG] 2018-11-28 18:33:50.836 [http-nio-8080-exec-9] SimulatorActiveTest - id is..........3
[DEBUG] 2018-11-28 18:33:50.907 [http-nio-8080-exec-9] SimulatorStartup - in Simulator Startup
[DEBUG] 2018-11-28 18:33:50.907 [http-nio-8080-exec-9] SimulatorStartup - submit: 3
[DEBUG] 2018-11-28 18:33:50.907 [http-nio-8080-exec-9] SimulatorStartup - id: 3
[DEBUG] 2018-11-28 18:33:50.907 [http-nio-8080-exec-9] SimulatorStartup - column: A
[DEBUG] 2018-11-28 18:33:50.907 [http-nio-8080-exec-9] SimulatorStartup - row: 3
[DEBUG] 2018-11-28 18:33:51.847 [http-nio-8080-exec-1] GenericDao - Searching for user with categoryDescription = Frozen Blended
[DEBUG] 2018-11-28 18:33:51.857 [http-nio-8080-exec-1] SimulatorActiveTest - category is... Frozen Blended
[DEBUG] 2018-11-28 18:33:51.857 [http-nio-8080-exec-1] SimulatorActiveTest - id is..........2
[DEBUG] 2018-11-28 18:33:51.945 [http-nio-8080-exec-1] SimulatorStartup - in Simulator Startup
[DEBUG] 2018-11-28 18:33:51.945 [http-nio-8080-exec-1] SimulatorStartup - submit: 2
[DEBUG] 2018-11-28 18:33:51.945 [http-nio-8080-exec-1] SimulatorStartup - id: 2
[DEBUG] 2018-11-28 18:33:51.945 [http-nio-8080-exec-1] SimulatorStartup - column: A
[DEBUG] 2018-11-28 18:33:51.945 [http-nio-8080-exec-1] SimulatorStartup - row: 2
[DEBUG] 2018-11-28 18:33:53.002 [http-nio-8080-exec-3] GenericDao - Searching for user with categoryDescription = Espresso Drinks
[DEBUG] 2018-11-28 18:33:53.013 [http-nio-8080-exec-3] SimulatorActiveTest - category is... Espresso Drinks
[DEBUG] 2018-11-28 18:33:53.013 [http-nio-8080-exec-3] SimulatorActiveTest - id is..........1
[DEBUG] 2018-11-28 18:33:53.065 [http-nio-8080-exec-3] SimulatorStartup - in Simulator Startup
[DEBUG] 2018-11-28 18:33:53.065 [http-nio-8080-exec-3] SimulatorStartup - submit: 1
[DEBUG] 2018-11-28 18:33:53.065 [http-nio-8080-exec-3] SimulatorStartup - id: 1
[DEBUG] 2018-11-28 18:33:53.065 [http-nio-8080-exec-3] SimulatorStartup - column: A
[DEBUG] 2018-11-28 18:33:53.065 [http-nio-8080-exec-3] SimulatorStartup - row: 1
[DEBUG] 2018-11-28 18:42:00.831 [http-nio-8080-exec-9] SimulatorStartup - in Simulator Startup
[DEBUG] 2018-11-28 18:42:00.831 [http-nio-8080-exec-9] SimulatorStartup - submit: 1
[DEBUG] 2018-11-28 18:42:00.831 [http-nio-8080-exec-9] SimulatorStartup - id: 1
[DEBUG] 2018-11-28 18:42:00.831 [http-nio-8080-exec-9] SimulatorStartup - column: A
[DEBUG] 2018-11-28 18:42:00.831 [http-nio-8080-exec-9] SimulatorStartup - row: 1
[DEBUG] 2018-11-28 18:44:07.003 [http-nio-8080-exec-2] GenericDao - Searching for user with categoryDescription = Frozen Blended
[DEBUG] 2018-11-28 18:44:07.014 [http-nio-8080-exec-2] SimulatorActiveTest - category is... Frozen Blended
[DEBUG] 2018-11-28 18:44:07.015 [http-nio-8080-exec-2] SimulatorActiveTest - id is..........2
[DEBUG] 2018-11-28 18:44:07.143 [http-nio-8080-exec-2] SimulatorStartup - in Simulator Startup
[DEBUG] 2018-11-28 18:44:07.148 [http-nio-8080-exec-2] SimulatorStartup - submit: 2
[DEBUG] 2018-11-28 18:44:07.148 [http-nio-8080-exec-2] SimulatorStartup - id: 2
[DEBUG] 2018-11-28 18:44:07.148 [http-nio-8080-exec-2] SimulatorStartup - column: A
[DEBUG] 2018-11-28 18:44:07.148 [http-nio-8080-exec-2] SimulatorStartup - row: 2
[DEBUG] 2018-11-28 19:18:11.881 [http-nio-8080-exec-7] SimulatorStartup - in Simulator Startup
[DEBUG] 2018-11-28 19:18:11.888 [http-nio-8080-exec-7] SimulatorStartup - submit: null
[DEBUG] 2018-11-28 19:18:11.888 [http-nio-8080-exec-7] SimulatorStartup - id: 1
[DEBUG] 2018-11-28 19:18:11.888 [http-nio-8080-exec-7] SimulatorStartup - column: A
[DEBUG] 2018-11-28 19:18:11.888 [http-nio-8080-exec-7] SimulatorStartup - row: 1
[DEBUG] 2018-11-28 19:18:59.806 [http-nio-8080-exec-6] SimulatorStartup - in Simulator Startup
[DEBUG] 2018-11-28 19:18:59.815 [http-nio-8080-exec-6] SimulatorStartup - submit: null
[DEBUG] 2018-11-28 19:18:59.816 [http-nio-8080-exec-6] SimulatorStartup - id: 1
[DEBUG] 2018-11-28 19:18:59.816 [http-nio-8080-exec-6] SimulatorStartup - column: A
[DEBUG] 2018-11-28 19:18:59.816 [http-nio-8080-exec-6] SimulatorStartup - row: 1
[DEBUG] 2018-11-28 19:19:13.013 [http-nio-8080-exec-10] GenericDao - Searching for user with categoryDescription = Frozen Blended
[DEBUG] 2018-11-28 19:19:13.118 [http-nio-8080-exec-10] SimulatorActiveTest - category is... Frozen Blended
[DEBUG] 2018-11-28 19:19:13.120 [http-nio-8080-exec-10] SimulatorActiveTest - id is..........2
[DEBUG] 2018-11-28 19:19:13.476 [http-nio-8080-exec-1] SimulatorStartup - in Simulator Startup
[DEBUG] 2018-11-28 19:19:13.476 [http-nio-8080-exec-1] SimulatorStartup - submit: 2
[DEBUG] 2018-11-28 19:19:13.476 [http-nio-8080-exec-1] SimulatorStartup - id: 2
[DEBUG] 2018-11-28 19:19:13.476 [http-nio-8080-exec-1] SimulatorStartup - column: A
[DEBUG] 2018-11-28 19:19:13.476 [http-nio-8080-exec-1] SimulatorStartup - row: 2
[DEBUG] 2018-11-28 19:20:58.481 [http-nio-8080-exec-6] SimulatorStartup - in Simulator Startup
[DEBUG] 2018-11-28 19:20:58.487 [http-nio-8080-exec-6] SimulatorStartup - submit: null
[DEBUG] 2018-11-28 19:20:58.487 [http-nio-8080-exec-6] SimulatorStartup - id: 1
[DEBUG] 2018-11-28 19:20:58.487 [http-nio-8080-exec-6] SimulatorStartup - column: A
[DEBUG] 2018-11-28 19:20:58.487 [http-nio-8080-exec-6] SimulatorStartup - row: 1
[DEBUG] 2018-11-28 19:21:07.517 [http-nio-8080-exec-9] GenericDao - Searching for user with categoryDescription = Brewed Coffee
[DEBUG] 2018-11-28 19:21:07.651 [http-nio-8080-exec-9] SimulatorActiveTest - category is... Brewed Coffee
[DEBUG] 2018-11-28 19:21:07.651 [http-nio-8080-exec-9] SimulatorActiveTest - id is..........3
[DEBUG] 2018-11-28 19:21:08.059 [http-nio-8080-exec-9] SimulatorStartup - in Simulator Startup
[DEBUG] 2018-11-28 19:21:08.060 [http-nio-8080-exec-9] SimulatorStartup - submit: 3
[DEBUG] 2018-11-28 19:21:08.060 [http-nio-8080-exec-9] SimulatorStartup - id: 3
[DEBUG] 2018-11-28 19:21:08.060 [http-nio-8080-exec-9] SimulatorStartup - column: A
[DEBUG] 2018-11-28 19:21:08.060 [http-nio-8080-exec-9] SimulatorStartup - row: 3
[DEBUG] 2018-11-28 19:21:10.081 [http-nio-8080-exec-10] SimulatorSelectMenuItem - in simulator:menuItem
[DEBUG] 2018-11-28 19:21:10.081 [http-nio-8080-exec-10] GenericDao - Searching for user with categoryDescription = Hot Coffee 12oz
[DEBUG] 2018-11-28 19:22:20.798 [http-nio-8080-exec-6] SimulatorStartup - in Simulator Startup
[DEBUG] 2018-11-28 19:22:20.808 [http-nio-8080-exec-6] SimulatorStartup - submit: null
[DEBUG] 2018-11-28 19:22:20.809 [http-nio-8080-exec-6] SimulatorStartup - id: 1
[DEBUG] 2018-11-28 19:22:20.809 [http-nio-8080-exec-6] SimulatorStartup - column: A
[DEBUG] 2018-11-28 19:22:20.809 [http-nio-8080-exec-6] SimulatorStartup - row: 1
[DEBUG] 2018-11-28 19:22:29.679 [http-nio-8080-exec-9] GenericDao - Searching for user with categoryDescription = Brewed Coffee
[DEBUG] 2018-11-28 19:22:29.761 [http-nio-8080-exec-9] SimulatorActiveTest - category is... Brewed Coffee
[DEBUG] 2018-11-28 19:22:29.761 [http-nio-8080-exec-9] SimulatorActiveTest - id is..........3
[DEBUG] 2018-11-28 19:22:29.944 [http-nio-8080-exec-9] SimulatorStartup - in Simulator Startup
[DEBUG] 2018-11-28 19:22:29.946 [http-nio-8080-exec-9] SimulatorStartup - submit: 3
[DEBUG] 2018-11-28 19:22:29.946 [http-nio-8080-exec-9] SimulatorStartup - id: 3
[DEBUG] 2018-11-28 19:22:29.946 [http-nio-8080-exec-9] SimulatorStartup - column: A
[DEBUG] 2018-11-28 19:22:29.946 [http-nio-8080-exec-9] SimulatorStartup - row: 3
[DEBUG] 2018-11-28 19:22:31.416 [http-nio-8080-exec-1] SimulatorSelectMenuItem - in simulator:menuItem
[DEBUG] 2018-11-28 19:22:31.416 [http-nio-8080-exec-1] GenericDao - Searching for user with description = Hot Coffee 12oz
[DEBUG] 2018-11-28 19:22:31.486 [http-nio-8080-exec-2] SimulatorStartup - in Simulator Startup
[DEBUG] 2018-11-28 19:22:31.486 [http-nio-8080-exec-2] SimulatorStartup - submit: null
[DEBUG] 2018-11-28 19:22:31.486 [http-nio-8080-exec-2] SimulatorStartup - id: 1
[DEBUG] 2018-11-28 19:22:31.486 [http-nio-8080-exec-2] SimulatorStartup - column: A
[DEBUG] 2018-11-28 19:22:31.486 [http-nio-8080-exec-2] SimulatorStartup - row: 1
[DEBUG] 2018-11-28 19:22:37.556 [http-nio-8080-exec-4] SimulatorSelectMenuItem - in simulator:menuItem
[DEBUG] 2018-11-28 19:22:37.566 [http-nio-8080-exec-4] GenericDao - Searching for user with description = Latta 16oz
[DEBUG] 2018-11-28 19:22:37.617 [http-nio-8080-exec-5] SimulatorStartup - in Simulator Startup
[DEBUG] 2018-11-28 19:22:37.617 [http-nio-8080-exec-5] SimulatorStartup - submit: null
[DEBUG] 2018-11-28 19:22:37.617 [http-nio-8080-exec-5] SimulatorStartup - id: 1
[DEBUG] 2018-11-28 19:22:37.617 [http-nio-8080-exec-5] SimulatorStartup - column: A
[DEBUG] 2018-11-28 19:22:37.617 [http-nio-8080-exec-5] SimulatorStartup - row: 1
[DEBUG] 2018-11-28 19:22:39.796 [http-nio-8080-exec-6] SimulatorSelectMenuItem - in simulator:menuItem
[DEBUG] 2018-11-28 19:22:39.796 [http-nio-8080-exec-6] GenericDao - Searching for user with description = Hot Choc. 16oz
[DEBUG] 2018-11-28 19:22:39.847 [http-nio-8080-exec-8] SimulatorStartup - in Simulator Startup
[DEBUG] 2018-11-28 19:22:39.847 [http-nio-8080-exec-8] SimulatorStartup - submit: null
[DEBUG] 2018-11-28 19:22:39.847 [http-nio-8080-exec-8] SimulatorStartup - id: 1
[DEBUG] 2018-11-28 19:22:39.847 [http-nio-8080-exec-8] SimulatorStartup - column: A
[DEBUG] 2018-11-28 19:22:39.847 [http-nio-8080-exec-8] SimulatorStartup - row: 1
[DEBUG] 2018-11-28 19:22:41.965 [http-nio-8080-exec-10] SimulatorSelectMenuItem - in simulator:menuItem
[DEBUG] 2018-11-28 19:22:41.965 [http-nio-8080-exec-10] GenericDao - Searching for user with description = Cappuccino 12oz
[DEBUG] 2018-11-28 19:22:42.082 [http-nio-8080-exec-1] SimulatorStartup - in Simulator Startup
[DEBUG] 2018-11-28 19:22:42.083 [http-nio-8080-exec-1] SimulatorStartup - submit: null
[DEBUG] 2018-11-28 19:22:42.083 [http-nio-8080-exec-1] SimulatorStartup - id: 1
[DEBUG] 2018-11-28 19:22:42.083 [http-nio-8080-exec-1] SimulatorStartup - column: A
[DEBUG] 2018-11-28 19:22:42.083 [http-nio-8080-exec-1] SimulatorStartup - row: 1
[DEBUG] 2018-11-28 19:22:43.860 [http-nio-8080-exec-3] SimulatorSelectMenuItem - in simulator:menuItem
[DEBUG] 2018-11-28 19:22:43.861 [http-nio-8080-exec-3] GenericDao - Searching for user with description = Latta 12oz
[DEBUG] 2018-11-28 19:22:43.936 [http-nio-8080-exec-4] SimulatorStartup - in Simulator Startup
[DEBUG] 2018-11-28 19:22:43.936 [http-nio-8080-exec-4] SimulatorStartup - submit: null
[DEBUG] 2018-11-28 19:22:43.936 [http-nio-8080-exec-4] SimulatorStartup - id: 1
[DEBUG] 2018-11-28 19:22:43.936 [http-nio-8080-exec-4] SimulatorStartup - column: A
[DEBUG] 2018-11-28 19:22:43.936 [http-nio-8080-exec-4] SimulatorStartup - row: 1
[DEBUG] 2018-11-28 19:22:45.776 [http-nio-8080-exec-7] GenericDao - Searching for user with categoryDescription = Frozen Blended
[DEBUG] 2018-11-28 19:22:45.795 [http-nio-8080-exec-7] SimulatorActiveTest - category is... Frozen Blended
[DEBUG] 2018-11-28 19:22:45.795 [http-nio-8080-exec-7] SimulatorActiveTest - id is..........2
[DEBUG] 2018-11-28 19:22:45.891 [http-nio-8080-exec-7] SimulatorStartup - in Simulator Startup
[DEBUG] 2018-11-28 19:22:45.891 [http-nio-8080-exec-7] SimulatorStartup - submit: 2
[DEBUG] 2018-11-28 19:22:45.891 [http-nio-8080-exec-7] SimulatorStartup - id: 2
[DEBUG] 2018-11-28 19:22:45.891 [http-nio-8080-exec-7] SimulatorStartup - column: A
[DEBUG] 2018-11-28 19:22:45.891 [http-nio-8080-exec-7] SimulatorStartup - row: 2
[DEBUG] 2018-11-28 19:22:47.276 [http-nio-8080-exec-8] SimulatorSelectMenuItem - in simulator:menuItem
[DEBUG] 2018-11-28 19:22:47.278 [http-nio-8080-exec-8] GenericDao - Searching for user with description = Chocolate Frappe 16oz
[DEBUG] 2018-11-28 19:22:47.422 [http-nio-8080-exec-9] SimulatorStartup - in Simulator Startup
[DEBUG] 2018-11-28 19:22:47.422 [http-nio-8080-exec-9] SimulatorStartup - submit: null
[DEBUG] 2018-11-28 19:22:47.422 [http-nio-8080-exec-9] SimulatorStartup - id: 1
[DEBUG] 2018-11-28 19:22:47.422 [http-nio-8080-exec-9] SimulatorStartup - column: A
[DEBUG] 2018-11-28 19:22:47.422 [http-nio-8080-exec-9] SimulatorStartup - row: 1
[DEBUG] 2018-11-28 19:22:48.812 [http-nio-8080-exec-1] SimulatorSelectMenuItem - in simulator:menuItem
[DEBUG] 2018-11-28 19:22:48.813 [http-nio-8080-exec-1] GenericDao - Searching for user with description = Kids HC 8oz
[DEBUG] 2018-11-28 19:22:48.847 [http-nio-8080-exec-2] SimulatorStartup - in Simulator Startup
[DEBUG] 2018-11-28 19:22:48.847 [http-nio-8080-exec-2] SimulatorStartup - submit: null
[DEBUG] 2018-11-28 19:22:48.847 [http-nio-8080-exec-2] SimulatorStartup - id: 1
[DEBUG] 2018-11-28 19:22:48.847 [http-nio-8080-exec-2] SimulatorStartup - column: A
[DEBUG] 2018-11-28 19:22:48.847 [http-nio-8080-exec-2] SimulatorStartup - row: 1
[DEBUG] 2018-11-28 19:22:49.996 [http-nio-8080-exec-4] SimulatorSelectMenuItem - in simulator:menuItem
[DEBUG] 2018-11-28 19:22:49.996 [http-nio-8080-exec-4] GenericDao - Searching for user with description = Mocha 16oz
[DEBUG] 2018-11-28 19:22:50.043 [http-nio-8080-exec-5] SimulatorStartup - in Simulator Startup
[DEBUG] 2018-11-28 19:22:50.043 [http-nio-8080-exec-5] SimulatorStartup - submit: null
[DEBUG] 2018-11-28 19:22:50.043 [http-nio-8080-exec-5] SimulatorStartup - id: 1
[DEBUG] 2018-11-28 19:22:50.043 [http-nio-8080-exec-5] SimulatorStartup - column: A
[DEBUG] 2018-11-28 19:22:50.043 [http-nio-8080-exec-5] SimulatorStartup - row: 1
[DEBUG] 2018-11-28 19:22:50.957 [http-nio-8080-exec-6] SimulatorSelectMenuItem - in simulator:menuItem
[DEBUG] 2018-11-28 19:22:50.958 [http-nio-8080-exec-6] GenericDao - Searching for user with description = Mocha 12oz
[DEBUG] 2018-11-28 19:22:51.004 [http-nio-8080-exec-8] SimulatorStartup - in Simulator Startup
[DEBUG] 2018-11-28 19:22:51.004 [http-nio-8080-exec-8] SimulatorStartup - submit: null
[DEBUG] 2018-11-28 19:22:51.004 [http-nio-8080-exec-8] SimulatorStartup - id: 1
[DEBUG] 2018-11-28 19:22:51.004 [http-nio-8080-exec-8] SimulatorStartup - column: A
[DEBUG] 2018-11-28 19:22:51.004 [http-nio-8080-exec-8] SimulatorStartup - row: 1
[DEBUG] 2018-11-28 19:22:52.404 [http-nio-8080-exec-10] SimulatorSelectMenuItem - in simulator:menuItem
[DEBUG] 2018-11-28 19:22:52.404 [http-nio-8080-exec-10] GenericDao - Searching for user with description = Cappuccino 16oz
[DEBUG] 2018-11-28 19:22:52.445 [http-nio-8080-exec-1] SimulatorStartup - in Simulator Startup
[DEBUG] 2018-11-28 19:22:52.445 [http-nio-8080-exec-1] SimulatorStartup - submit: null
[DEBUG] 2018-11-28 19:22:52.445 [http-nio-8080-exec-1] SimulatorStartup - id: 1
[DEBUG] 2018-11-28 19:22:52.445 [http-nio-8080-exec-1] SimulatorStartup - column: A
[DEBUG] 2018-11-28 19:22:52.445 [http-nio-8080-exec-1] SimulatorStartup - row: 1
[DEBUG] 2018-11-28 19:22:53.707 [http-nio-8080-exec-2] SimulatorSelectMenuItem - in simulator:menuItem
[DEBUG] 2018-11-28 19:22:53.707 [http-nio-8080-exec-2] GenericDao - Searching for user with description = Steamer 16oz
[DEBUG] 2018-11-28 19:22:53.822 [http-nio-8080-exec-3] SimulatorStartup - in Simulator Startup
[DEBUG] 2018-11-28 19:22:53.822 [http-nio-8080-exec-3] SimulatorStartup - submit: null
[DEBUG] 2018-11-28 19:22:53.822 [http-nio-8080-exec-3] SimulatorStartup - id: 1
[DEBUG] 2018-11-28 19:22:53.822 [http-nio-8080-exec-3] SimulatorStartup - column: A
[DEBUG] 2018-11-28 19:22:53.822 [http-nio-8080-exec-3] SimulatorStartup - row: 1
[DEBUG] 2018-11-28 19:22:55.941 [http-nio-8080-exec-5] GenericDao - Searching for user with categoryDescription = Cold Bottled
[DEBUG] 2018-11-28 19:22:55.959 [http-nio-8080-exec-5] SimulatorActiveTest - category is... Cold Bottled
[DEBUG] 2018-11-28 19:22:55.959 [http-nio-8080-exec-5] SimulatorActiveTest - id is..........5
[DEBUG] 2018-11-28 19:22:56.078 [http-nio-8080-exec-5] SimulatorStartup - in Simulator Startup
[DEBUG] 2018-11-28 19:22:56.078 [http-nio-8080-exec-5] SimulatorStartup - submit: 5
[DEBUG] 2018-11-28 19:22:56.078 [http-nio-8080-exec-5] SimulatorStartup - id: 5
[DEBUG] 2018-11-28 19:22:56.078 [http-nio-8080-exec-5] SimulatorStartup - column: A
[DEBUG] 2018-11-28 19:22:56.078 [http-nio-8080-exec-5] SimulatorStartup - row: 5
[DEBUG] 2018-11-28 19:22:57.884 [http-nio-8080-exec-6] SimulatorSelectMenuItem - in simulator:menuItem
[DEBUG] 2018-11-28 19:22:57.884 [http-nio-8080-exec-6] GenericDao - Searching for user with description = Italian Soda 12 oz
[DEBUG] 2018-11-28 19:22:57.915 [http-nio-8080-exec-8] SimulatorStartup - in Simulator Startup
[DEBUG] 2018-11-28 19:22:57.915 [http-nio-8080-exec-8] SimulatorStartup - submit: null
[DEBUG] 2018-11-28 19:22:57.915 [http-nio-8080-exec-8] SimulatorStartup - id: 1
[DEBUG] 2018-11-28 19:22:57.915 [http-nio-8080-exec-8] SimulatorStartup - column: A
[DEBUG] 2018-11-28 19:22:57.915 [http-nio-8080-exec-8] SimulatorStartup - row: 1
[DEBUG] 2018-11-28 19:22:59.228 [http-nio-8080-exec-10] GenericDao - Searching for user with categoryDescription = Brewed Coffee
[DEBUG] 2018-11-28 19:22:59.248 [http-nio-8080-exec-10] SimulatorActiveTest - category is... Brewed Coffee
[DEBUG] 2018-11-28 19:22:59.248 [http-nio-8080-exec-10] SimulatorActiveTest - id is..........3
[DEBUG] 2018-11-28 19:22:59.476 [http-nio-8080-exec-1] SimulatorStartup - in Simulator Startup
[DEBUG] 2018-11-28 19:22:59.476 [http-nio-8080-exec-1] SimulatorStartup - submit: 3
[DEBUG] 2018-11-28 19:22:59.476 [http-nio-8080-exec-1] SimulatorStartup - id: 3
[DEBUG] 2018-11-28 19:22:59.476 [http-nio-8080-exec-1] SimulatorStartup - column: A
[DEBUG] 2018-11-28 19:22:59.476 [http-nio-8080-exec-1] SimulatorStartup - row: 3
[DEBUG] 2018-11-28 19:23:00.818 [http-nio-8080-exec-3] SimulatorSelectMenuItem - in simulator:menuItem
[DEBUG] 2018-11-28 19:23:00.819 [http-nio-8080-exec-3] GenericDao - Searching for user with description = Hot Coffee 16oz
[DEBUG] 2018-11-28 19:23:00.856 [http-nio-8080-exec-4] SimulatorStartup - in Simulator Startup
[DEBUG] 2018-11-28 19:23:00.856 [http-nio-8080-exec-4] SimulatorStartup - submit: null
[DEBUG] 2018-11-28 19:23:00.856 [http-nio-8080-exec-4] SimulatorStartup - id: 1
[DEBUG] 2018-11-28 19:23:00.856 [http-nio-8080-exec-4] SimulatorStartup - column: A
[DEBUG] 2018-11-28 19:23:00.856 [http-nio-8080-exec-4] SimulatorStartup - row: 1
[DEBUG] 2018-11-28 19:23:03.412 [http-nio-8080-exec-7] GenericDao - Searching for user with categoryDescription = Brewed Coffee
[DEBUG] 2018-11-28 19:23:03.423 [http-nio-8080-exec-7] SimulatorActiveTest - category is... Brewed Coffee
[DEBUG] 2018-11-28 19:23:03.423 [http-nio-8080-exec-7] SimulatorActiveTest - id is..........3
[DEBUG] 2018-11-28 19:23:03.566 [http-nio-8080-exec-6] SimulatorStartup - in Simulator Startup
[DEBUG] 2018-11-28 19:23:03.566 [http-nio-8080-exec-6] SimulatorStartup - submit: 3
[DEBUG] 2018-11-28 19:23:03.566 [http-nio-8080-exec-6] SimulatorStartup - id: 3
[DEBUG] 2018-11-28 19:23:03.566 [http-nio-8080-exec-6] SimulatorStartup - column: A
[DEBUG] 2018-11-28 19:23:03.566 [http-nio-8080-exec-6] SimulatorStartup - row: 3
[DEBUG] 2018-11-28 19:23:04.980 [http-nio-8080-exec-9] SimulatorSelectMenuItem - in simulator:menuItem
[DEBUG] 2018-11-28 19:23:04.991 [http-nio-8080-exec-9] GenericDao - Searching for user with description = Hot Coffee 12oz
[DEBUG] 2018-11-28 19:23:05.139 [http-nio-8080-exec-10] SimulatorStartup - in Simulator Startup
[DEBUG] 2018-11-28 19:23:05.139 [http-nio-8080-exec-10] SimulatorStartup - submit: null
[DEBUG] 2018-11-28 19:23:05.139 [http-nio-8080-exec-10] SimulatorStartup - id: 1
[DEBUG] 2018-11-28 19:23:05.139 [http-nio-8080-exec-10] SimulatorStartup - column: A
[DEBUG] 2018-11-28 19:23:05.139 [http-nio-8080-exec-10] SimulatorStartup - row: 1
[DEBUG] 2018-11-28 19:23:21.108 [http-nio-8080-exec-2] GenericDao - Searching for user with categoryDescription = Tea Drinks
[DEBUG] 2018-11-28 19:23:21.130 [http-nio-8080-exec-2] SimulatorActiveTest - category is... Tea Drinks
[DEBUG] 2018-11-28 19:23:21.130 [http-nio-8080-exec-2] SimulatorActiveTest - id is..........4
[DEBUG] 2018-11-28 19:23:21.209 [http-nio-8080-exec-2] SimulatorStartup - in Simulator Startup
[DEBUG] 2018-11-28 19:23:21.209 [http-nio-8080-exec-2] SimulatorStartup - submit: 4
[DEBUG] 2018-11-28 19:23:21.209 [http-nio-8080-exec-2] SimulatorStartup - id: 4
[DEBUG] 2018-11-28 19:23:21.209 [http-nio-8080-exec-2] SimulatorStartup - column: A
[DEBUG] 2018-11-28 19:23:21.209 [http-nio-8080-exec-2] SimulatorStartup - row: 4
[DEBUG] 2018-11-28 19:24:31.634 [http-nio-8080-exec-5] GenericDao - Searching for user with categoryDescription = Espresso Drinks
[DEBUG] 2018-11-28 19:24:31.645 [http-nio-8080-exec-5] SimulatorActiveTest - category is... Espresso Drinks
[DEBUG] 2018-11-28 19:24:31.645 [http-nio-8080-exec-5] SimulatorActiveTest - id is..........1
[DEBUG] 2018-11-28 19:24:31.943 [http-nio-8080-exec-7] SimulatorStartup - in Simulator Startup
[DEBUG] 2018-11-28 19:24:31.943 [http-nio-8080-exec-7] SimulatorStartup - submit: 1
[DEBUG] 2018-11-28 19:24:31.943 [http-nio-8080-exec-7] SimulatorStartup - id: 1
[DEBUG] 2018-11-28 19:24:31.943 [http-nio-8080-exec-7] SimulatorStartup - column: A
[DEBUG] 2018-11-28 19:24:31.943 [http-nio-8080-exec-7] SimulatorStartup - row: 1
[DEBUG] 2018-11-28 19:24:33.420 [http-nio-8080-exec-8] SimulatorSelectMenuItem - in simulator:menuItem
[DEBUG] 2018-11-28 19:24:33.420 [http-nio-8080-exec-8] GenericDao - Searching for user with description = Cappuccino 12oz
[DEBUG] 2018-11-28 19:24:33.494 [http-nio-8080-exec-9] SimulatorStartup - in Simulator Startup
[DEBUG] 2018-11-28 19:24:33.494 [http-nio-8080-exec-9] SimulatorStartup - submit: null
[DEBUG] 2018-11-28 19:24:33.494 [http-nio-8080-exec-9] SimulatorStartup - id: 1
[DEBUG] 2018-11-28 19:24:33.494 [http-nio-8080-exec-9] SimulatorStartup - column: A
[DEBUG] 2018-11-28 19:24:33.494 [http-nio-8080-exec-9] SimulatorStartup - row: 1
[DEBUG] 2018-11-28 19:25:39.630 [http-nio-8080-exec-2] GenericDao - Searching for user with categoryDescription = Frozen Blended
[DEBUG] 2018-11-28 19:25:39.639 [http-nio-8080-exec-2] SimulatorActiveTest - category is... Frozen Blended
[DEBUG] 2018-11-28 19:25:39.640 [http-nio-8080-exec-2] SimulatorActiveTest - id is..........2
[DEBUG] 2018-11-28 19:25:39.740 [http-nio-8080-exec-2] SimulatorStartup - in Simulator Startup
[DEBUG] 2018-11-28 19:25:39.741 [http-nio-8080-exec-2] SimulatorStartup - submit: 2
[DEBUG] 2018-11-28 19:25:39.741 [http-nio-8080-exec-2] SimulatorStartup - id: 2
[DEBUG] 2018-11-28 19:25:39.741 [http-nio-8080-exec-2] SimulatorStartup - column: A
[DEBUG] 2018-11-28 19:25:39.741 [http-nio-8080-exec-2] SimulatorStartup - row: 2
[DEBUG] 2018-11-28 19:26:05.755 [http-nio-8080-exec-5] GenericDao - Searching for user with categoryDescription = Brewed Coffee
[DEBUG] 2018-11-28 19:26:05.766 [http-nio-8080-exec-5] SimulatorActiveTest - category is... Brewed Coffee
[DEBUG] 2018-11-28 19:26:05.766 [http-nio-8080-exec-5] SimulatorActiveTest - id is..........3
[DEBUG] 2018-11-28 19:26:05.838 [http-nio-8080-exec-5] SimulatorStartup - in Simulator Startup
[DEBUG] 2018-11-28 19:26:05.838 [http-nio-8080-exec-5] SimulatorStartup - submit: 3
[DEBUG] 2018-11-28 19:26:05.838 [http-nio-8080-exec-5] SimulatorStartup - id: 3
[DEBUG] 2018-11-28 19:26:05.838 [http-nio-8080-exec-5] SimulatorStartup - column: A
[DEBUG] 2018-11-28 19:26:05.838 [http-nio-8080-exec-5] SimulatorStartup - row: 3
[DEBUG] 2018-11-28 19:28:11.940 [http-nio-8080-exec-6] SimulatorStartup - in Simulator Startup
[DEBUG] 2018-11-28 19:28:11.949 [http-nio-8080-exec-6] SimulatorStartup - submit: null
[DEBUG] 2018-11-28 19:28:11.949 [http-nio-8080-exec-6] SimulatorStartup - id: 1
[DEBUG] 2018-11-28 19:28:11.949 [http-nio-8080-exec-6] SimulatorStartup - column: A
[DEBUG] 2018-11-28 19:28:11.949 [http-nio-8080-exec-6] SimulatorStartup - row: 1
[DEBUG] 2018-11-28 19:28:22.557 [http-nio-8080-exec-9] SimulatorSelectMenuItem - in simulator:menuItem
[DEBUG] 2018-11-28 19:28:22.560 [http-nio-8080-exec-9] GenericDao - Searching for user with description = Steamer 12oz
[DEBUG] 2018-11-28 19:28:22.685 [http-nio-8080-exec-9] SimulatorStartup - in Simulator Startup
[DEBUG] 2018-11-28 19:28:22.685 [http-nio-8080-exec-9] SimulatorStartup - submit: null
[DEBUG] 2018-11-28 19:28:22.685 [http-nio-8080-exec-9] SimulatorStartup - id: 1
[DEBUG] 2018-11-28 19:28:22.685 [http-nio-8080-exec-9] SimulatorStartup - column: A
[DEBUG] 2018-11-28 19:28:22.685 [http-nio-8080-exec-9] SimulatorStartup - row: 1
[DEBUG] 2018-11-28 19:28:25.769 [http-nio-8080-exec-1] GenericDao - Searching for user with categoryDescription = Tea Drinks
[DEBUG] 2018-11-28 19:28:25.823 [http-nio-8080-exec-1] SimulatorActiveTest - category is... Tea Drinks
[DEBUG] 2018-11-28 19:28:25.825 [http-nio-8080-exec-1] SimulatorActiveTest - id is..........4
[DEBUG] 2018-11-28 19:28:26.029 [http-nio-8080-exec-1] SimulatorStartup - in Simulator Startup
[DEBUG] 2018-11-28 19:28:26.044 [http-nio-8080-exec-1] SimulatorStartup - submit: 4
[DEBUG] 2018-11-28 19:28:26.044 [http-nio-8080-exec-1] SimulatorStartup - id: 4
[DEBUG] 2018-11-28 19:28:26.044 [http-nio-8080-exec-1] SimulatorStartup - column: A
[DEBUG] 2018-11-28 19:28:26.044 [http-nio-8080-exec-1] SimulatorStartup - row: 4
[DEBUG] 2018-11-28 20:23:43.353 [http-nio-8080-exec-4] GenericDao - Searching for user with categoryDescription = Brewed Coffee
[DEBUG] 2018-11-28 20:23:43.396 [http-nio-8080-exec-4] SimulatorActiveTest - category is... Brewed Coffee
[DEBUG] 2018-11-28 20:23:43.396 [http-nio-8080-exec-4] SimulatorActiveTest - id is..........3
[DEBUG] 2018-11-28 20:23:43.530 [http-nio-8080-exec-4] SimulatorStartup - in Simulator Startup
[DEBUG] 2018-11-28 20:23:43.530 [http-nio-8080-exec-4] SimulatorStartup - submit: 3
[DEBUG] 2018-11-28 20:23:43.530 [http-nio-8080-exec-4] SimulatorStartup - id: 3
[DEBUG] 2018-11-28 20:23:43.530 [http-nio-8080-exec-4] SimulatorStartup - column: A
[DEBUG] 2018-11-28 20:23:43.530 [http-nio-8080-exec-4] SimulatorStartup - row: 3
[DEBUG] 2018-11-28 20:23:46.133 [http-nio-8080-exec-6] SimulatorSelectMenuItem - in simulator:menuItem
[DEBUG] 2018-11-28 20:23:46.133 [http-nio-8080-exec-6] GenericDao - Searching for user with description = Hot Coffee 12oz
[DEBUG] 2018-11-28 20:23:46.179 [http-nio-8080-exec-7] SimulatorStartup - in Simulator Startup
[DEBUG] 2018-11-28 20:23:46.179 [http-nio-8080-exec-7] SimulatorStartup - submit: null
[DEBUG] 2018-11-28 20:23:46.179 [http-nio-8080-exec-7] SimulatorStartup - id: 1
[DEBUG] 2018-11-28 20:23:46.179 [http-nio-8080-exec-7] SimulatorStartup - column: A
[DEBUG] 2018-11-28 20:23:46.179 [http-nio-8080-exec-7] SimulatorStartup - row: 1
[DEBUG] 2018-11-28 20:23:48.651 [http-nio-8080-exec-9] GenericDao - Searching for user with categoryDescription = Frozen Blended
[DEBUG] 2018-11-28 20:23:48.672 [http-nio-8080-exec-9] SimulatorActiveTest - category is... Frozen Blended
[DEBUG] 2018-11-28 20:23:48.672 [http-nio-8080-exec-9] SimulatorActiveTest - id is..........2
[DEBUG] 2018-11-28 20:23:48.775 [http-nio-8080-exec-10] SimulatorStartup - in Simulator Startup
[DEBUG] 2018-11-28 20:23:48.775 [http-nio-8080-exec-10] SimulatorStartup - submit: 2
[DEBUG] 2018-11-28 20:23:48.775 [http-nio-8080-exec-10] SimulatorStartup - id: 2
[DEBUG] 2018-11-28 20:23:48.775 [http-nio-8080-exec-10] SimulatorStartup - column: A
[DEBUG] 2018-11-28 20:23:48.775 [http-nio-8080-exec-10] SimulatorStartup - row: 2
[DEBUG] 2018-11-28 20:23:50.124 [http-nio-8080-exec-1] SimulatorSelectMenuItem - in simulator:menuItem
[DEBUG] 2018-11-28 20:23:50.125 [http-nio-8080-exec-1] GenericDao - Searching for user with description = Chocolate Frappe 12oz
[DEBUG] 2018-11-28 20:23:50.170 [http-nio-8080-exec-3] SimulatorStartup - in Simulator Startup
[DEBUG] 2018-11-28 20:23:50.171 [http-nio-8080-exec-3] SimulatorStartup - submit: null
[DEBUG] 2018-11-28 20:23:50.171 [http-nio-8080-exec-3] SimulatorStartup - id: 1
[DEBUG] 2018-11-28 20:23:50.171 [http-nio-8080-exec-3] SimulatorStartup - column: A
[DEBUG] 2018-11-28 20:23:50.171 [http-nio-8080-exec-3] SimulatorStartup - row: 1
[DEBUG] 2018-11-28 20:23:52.645 [http-nio-8080-exec-5] GenericDao - Searching for user with categoryDescription = Tea Drinks
[DEBUG] 2018-11-28 20:23:52.664 [http-nio-8080-exec-5] SimulatorActiveTest - category is... Tea Drinks
[DEBUG] 2018-11-28 20:23:52.664 [http-nio-8080-exec-5] SimulatorActiveTest - id is..........4
[DEBUG] 2018-11-28 20:23:52.754 [http-nio-8080-exec-5] SimulatorStartup - in Simulator Startup
[DEBUG] 2018-11-28 20:23:52.757 [http-nio-8080-exec-5] SimulatorStartup - submit: 4
[DEBUG] 2018-11-28 20:23:52.757 [http-nio-8080-exec-5] SimulatorStartup - id: 4
[DEBUG] 2018-11-28 20:23:52.757 [http-nio-8080-exec-5] SimulatorStartup - column: A
[DEBUG] 2018-11-28 20:23:52.757 [http-nio-8080-exec-5] SimulatorStartup - row: 4
[DEBUG] 2018-11-28 20:23:54.093 [http-nio-8080-exec-7] GenericDao - Searching for user with categoryDescription = Espresso Drinks
[DEBUG] 2018-11-28 20:23:54.115 [http-nio-8080-exec-7] SimulatorActiveTest - category is... Espresso Drinks
[DEBUG] 2018-11-28 20:23:54.115 [http-nio-8080-exec-7] SimulatorActiveTest - id is..........1
[DEBUG] 2018-11-28 20:23:54.212 [http-nio-8080-exec-7] SimulatorStartup - in Simulator Startup
[DEBUG] 2018-11-28 20:23:54.212 [http-nio-8080-exec-7] SimulatorStartup - submit: 1
[DEBUG] 2018-11-28 20:23:54.212 [http-nio-8080-exec-7] SimulatorStartup - id: 1
[DEBUG] 2018-11-28 20:23:54.212 [http-nio-8080-exec-7] SimulatorStartup - column: A
[DEBUG] 2018-11-28 20:23:54.212 [http-nio-8080-exec-7] SimulatorStartup - row: 1
[DEBUG] 2018-11-28 20:23:55.835 [http-nio-8080-exec-9] SimulatorSelectMenuItem - in simulator:menuItem
[DEBUG] 2018-11-28 20:23:55.836 [http-nio-8080-exec-9] GenericDao - Searching for user with description = Latta 16oz
[DEBUG] 2018-11-28 20:23:55.885 [http-nio-8080-exec-10] SimulatorStartup - in Simulator Startup
[DEBUG] 2018-11-28 20:23:55.885 [http-nio-8080-exec-10] SimulatorStartup - submit: null
[DEBUG] 2018-11-28 20:23:55.885 [http-nio-8080-exec-10] SimulatorStartup - id: 1
[DEBUG] 2018-11-28 20:23:55.885 [http-nio-8080-exec-10] SimulatorStartup - column: A
[DEBUG] 2018-11-28 20:23:55.885 [http-nio-8080-exec-10] SimulatorStartup - row: 1
[DEBUG] 2018-11-28 20:23:58.738 [http-nio-8080-exec-1] GenericDao - Searching for user with categoryDescription = Brewed Coffee
[DEBUG] 2018-11-28 20:23:58.757 [http-nio-8080-exec-1] SimulatorActiveTest - category is... Brewed Coffee
[DEBUG] 2018-11-28 20:23:58.757 [http-nio-8080-exec-1] SimulatorActiveTest - id is..........3
[DEBUG] 2018-11-28 20:23:58.841 [http-nio-8080-exec-1] SimulatorStartup - in Simulator Startup
[DEBUG] 2018-11-28 20:23:58.841 [http-nio-8080-exec-1] SimulatorStartup - submit: 3
[DEBUG] 2018-11-28 20:23:58.841 [http-nio-8080-exec-1] SimulatorStartup - id: 3
[DEBUG] 2018-11-28 20:23:58.841 [http-nio-8080-exec-1] SimulatorStartup - column: A
[DEBUG] 2018-11-28 20:23:58.841 [http-nio-8080-exec-1] SimulatorStartup - row: 3
[DEBUG] 2018-11-28 20:24:01.629 [http-nio-8080-exec-4] SimulatorSelectMenuItem - in simulator:menuItem
[DEBUG] 2018-11-28 20:24:01.629 [http-nio-8080-exec-4] GenericDao - Searching for user with description = Hot Coffee 16oz
[DEBUG] 2018-11-28 20:24:01.661 [http-nio-8080-exec-5] SimulatorStartup - in Simulator Startup
[DEBUG] 2018-11-28 20:24:01.661 [http-nio-8080-exec-5] SimulatorStartup - submit: null
[DEBUG] 2018-11-28 20:24:01.661 [http-nio-8080-exec-5] SimulatorStartup - id: 1
[DEBUG] 2018-11-28 20:24:01.661 [http-nio-8080-exec-5] SimulatorStartup - column: A
[DEBUG] 2018-11-28 20:24:01.661 [http-nio-8080-exec-5] SimulatorStartup - row: 1
[DEBUG] 2018-11-28 20:24:08.830 [http-nio-8080-exec-7] GenericDao - Searching for user with categoryDescription = Tea Drinks
[DEBUG] 2018-11-28 20:24:08.847 [http-nio-8080-exec-7] SimulatorActiveTest - category is... Tea Drinks
[DEBUG] 2018-11-28 20:24:08.847 [http-nio-8080-exec-7] SimulatorActiveTest - id is..........4
[DEBUG] 2018-11-28 20:24:08.975 [http-nio-8080-exec-7] SimulatorStartup - in Simulator Startup
[DEBUG] 2018-11-28 20:24:08.976 [http-nio-8080-exec-7] SimulatorStartup - submit: 4
[DEBUG] 2018-11-28 20:24:08.976 [http-nio-8080-exec-7] SimulatorStartup - id: 4
[DEBUG] 2018-11-28 20:24:08.976 [http-nio-8080-exec-7] SimulatorStartup - column: A
[DEBUG] 2018-11-28 20:24:08.976 [http-nio-8080-exec-7] SimulatorStartup - row: 4
[DEBUG] 2018-11-28 20:24:10.109 [http-nio-8080-exec-9] SimulatorSelectMenuItem - in simulator:menuItem
[DEBUG] 2018-11-28 20:24:10.109 [http-nio-8080-exec-9] GenericDao - Searching for user with description = Rishi Matcha Latte
[DEBUG] 2018-11-28 20:24:10.145 [http-nio-8080-exec-10] SimulatorStartup - in Simulator Startup
[DEBUG] 2018-11-28 20:24:10.145 [http-nio-8080-exec-10] SimulatorStartup - submit: null
[DEBUG] 2018-11-28 20:24:10.145 [http-nio-8080-exec-10] SimulatorStartup - id: 1
[DEBUG] 2018-11-28 20:24:10.145 [http-nio-8080-exec-10] SimulatorStartup - column: A
[DEBUG] 2018-11-28 20:24:10.145 [http-nio-8080-exec-10] SimulatorStartup - row: 1
[DEBUG] 2018-11-28 20:26:42.932 [http-nio-8080-exec-6] SimulatorStartup - in Simulator Startup
[DEBUG] 2018-11-28 20:26:42.938 [http-nio-8080-exec-6] SimulatorStartup - submit: null
[DEBUG] 2018-11-28 20:26:55.629 [http-nio-8080-exec-10] GenericDao - Searching for user with categoryDescription = Brewed Coffee
[DEBUG] 2018-11-28 20:26:55.704 [http-nio-8080-exec-10] SimulatorActiveTest - category is... Brewed Coffee
[DEBUG] 2018-11-28 20:26:55.704 [http-nio-8080-exec-10] SimulatorActiveTest - id is..........3
[DEBUG] 2018-11-28 20:26:55.976 [http-nio-8080-exec-10] SimulatorStartup - in Simulator Startup
[DEBUG] 2018-11-28 20:26:55.977 [http-nio-8080-exec-10] SimulatorStartup - submit: 3
[DEBUG] 2018-11-28 20:26:58.504 [http-nio-8080-exec-1] SimulatorSelectMenuItem - in simulator:menuItem
[DEBUG] 2018-11-28 20:26:58.506 [http-nio-8080-exec-1] GenericDao - Searching for user with description = Hot Coffee 12oz
[DEBUG] 2018-11-28 20:26:58.573 [http-nio-8080-exec-1] SimulatorStartup - in Simulator Startup
[DEBUG] 2018-11-28 20:26:58.576 [http-nio-8080-exec-1] SimulatorStartup - submit: null
[DEBUG] 2018-11-28 20:27:02.196 [http-nio-8080-exec-2] GenericDao - Searching for user with categoryDescription = Frozen Blended
[DEBUG] 2018-11-28 20:27:02.224 [http-nio-8080-exec-2] SimulatorActiveTest - category is... Frozen Blended
[DEBUG] 2018-11-28 20:27:02.224 [http-nio-8080-exec-2] SimulatorActiveTest - id is..........2
[DEBUG] 2018-11-28 20:27:02.394 [http-nio-8080-exec-2] SimulatorStartup - in Simulator Startup
[DEBUG] 2018-11-28 20:27:02.394 [http-nio-8080-exec-2] SimulatorStartup - submit: 2
[DEBUG] 2018-11-28 20:27:04.572 [http-nio-8080-exec-4] SimulatorSelectMenuItem - in simulator:menuItem
[DEBUG] 2018-11-28 20:27:04.572 [http-nio-8080-exec-4] GenericDao - Searching for user with description = Vanilla Frappe 12oz
[DEBUG] 2018-11-28 20:27:04.879 [http-nio-8080-exec-5] SimulatorStartup - in Simulator Startup
[DEBUG] 2018-11-28 20:27:04.939 [http-nio-8080-exec-5] SimulatorStartup - submit: null
[DEBUG] 2018-11-28 20:27:08.988 [http-nio-8080-exec-8] SimulatorSelectMenuItem - in simulator:menuItem
[DEBUG] 2018-11-28 20:27:08.989 [http-nio-8080-exec-8] GenericDao - Searching for user with description = Mocha 16oz
[DEBUG] 2018-11-28 20:27:09.024 [http-nio-8080-exec-6] SimulatorStartup - in Simulator Startup
[DEBUG] 2018-11-28 20:27:09.026 [http-nio-8080-exec-6] SimulatorStartup - submit: null
[DEBUG] 2018-11-28 20:27:10.598 [http-nio-8080-exec-10] SimulatorSelectMenuItem - in simulator:menuItem
[DEBUG] 2018-11-28 20:27:10.598 [http-nio-8080-exec-10] GenericDao - Searching for user with description = Latta 16oz
[DEBUG] 2018-11-28 20:27:10.649 [http-nio-8080-exec-1] SimulatorStartup - in Simulator Startup
[DEBUG] 2018-11-28 20:27:10.649 [http-nio-8080-exec-1] SimulatorStartup - submit: null
[DEBUG] 2018-11-28 20:27:12.156 [http-nio-8080-exec-3] SimulatorSelectMenuItem - in simulator:menuItem
[DEBUG] 2018-11-28 20:27:12.156 [http-nio-8080-exec-3] GenericDao - Searching for user with description = Americano 16oz
[DEBUG] 2018-11-28 20:27:12.194 [http-nio-8080-exec-4] SimulatorStartup - in Simulator Startup
[DEBUG] 2018-11-28 20:27:12.194 [http-nio-8080-exec-4] SimulatorStartup - submit: null
[DEBUG] 2018-11-28 20:27:13.139 [http-nio-8080-exec-7] SimulatorSelectMenuItem - in simulator:menuItem
[DEBUG] 2018-11-28 20:27:13.140 [http-nio-8080-exec-7] GenericDao - Searching for user with description = Americano 12oz
[DEBUG] 2018-11-28 20:27:13.189 [http-nio-8080-exec-8] SimulatorStartup - in Simulator Startup
[DEBUG] 2018-11-28 20:27:13.189 [http-nio-8080-exec-8] SimulatorStartup - submit: null
[DEBUG] 2018-11-28 20:27:14.302 [http-nio-8080-exec-9] SimulatorSelectMenuItem - in simulator:menuItem
[DEBUG] 2018-11-28 20:27:14.303 [http-nio-8080-exec-9] GenericDao - Searching for user with description = Hot Choc. 16oz
[DEBUG] 2018-11-28 20:27:14.439 [http-nio-8080-exec-10] SimulatorStartup - in Simulator Startup
[DEBUG] 2018-11-28 20:27:14.439 [http-nio-8080-exec-10] SimulatorStartup - submit: null
[DEBUG] 2018-11-28 20:28:15.579 [http-nio-8080-exec-3] SimulatorSelectMenuItem - in simulator:menuItem
[DEBUG] 2018-11-28 20:28:15.580 [http-nio-8080-exec-3] GenericDao - Searching for user with description = Cappuccino 16oz
[DEBUG] 2018-11-28 20:28:15.634 [http-nio-8080-exec-4] SimulatorStartup - in Simulator Startup
[DEBUG] 2018-11-28 20:28:15.635 [http-nio-8080-exec-4] SimulatorStartup - submit: null
[DEBUG] 2018-11-28 20:28:18.264 [http-nio-8080-exec-7] GenericDao - Searching for user with categoryDescription = Frozen Blended
[DEBUG] 2018-11-28 20:28:18.294 [http-nio-8080-exec-7] SimulatorActiveTest - category is... Frozen Blended
[DEBUG] 2018-11-28 20:28:18.294 [http-nio-8080-exec-7] SimulatorActiveTest - id is..........2
[DEBUG] 2018-11-28 20:28:18.388 [http-nio-8080-exec-8] SimulatorStartup - in Simulator Startup
[DEBUG] 2018-11-28 20:28:18.388 [http-nio-8080-exec-8] SimulatorStartup - submit: 2
[DEBUG] 2018-11-28 20:28:22.823 [http-nio-8080-exec-9] SimulatorSelectMenuItem - in simulator:menuItem
[DEBUG] 2018-11-28 20:28:22.823 [http-nio-8080-exec-9] GenericDao - Searching for user with description = Vanilla Frappe 12oz
[DEBUG] 2018-11-28 20:28:22.927 [http-nio-8080-exec-10] SimulatorStartup - in Simulator Startup
[DEBUG] 2018-11-28 20:28:22.927 [http-nio-8080-exec-10] SimulatorStartup - submit: null
[DEBUG] 2018-11-28 20:32:12.083 [http-nio-8080-exec-6] SimulatorStartup - in Simulator Startup
[DEBUG] 2018-11-28 20:32:12.090 [http-nio-8080-exec-6] SimulatorStartup - submit: null
[DEBUG] 2018-11-28 20:32:32.632 [http-nio-8080-exec-9] GenericDao - Searching for user with categoryDescription = Brewed Coffee
[DEBUG] 2018-11-28 20:32:32.717 [http-nio-8080-exec-9] SimulatorActiveTest - category is... Brewed Coffee
[DEBUG] 2018-11-28 20:32:32.718 [http-nio-8080-exec-9] SimulatorActiveTest - id is..........3
[DEBUG] 2018-11-28 20:32:33.031 [http-nio-8080-exec-9] SimulatorStartup - in Simulator Startup
[DEBUG] 2018-11-28 20:32:33.033 [http-nio-8080-exec-9] SimulatorStartup - submit: 3
[DEBUG] 2018-11-28 20:32:35.599 [http-nio-8080-exec-1] SimulatorSelectMenuItem - in simulator:menuItem
[DEBUG] 2018-11-28 20:32:35.599 [http-nio-8080-exec-1] GenericDao - Searching for user with description = Hot Coffee 12oz
[DEBUG] 2018-11-28 20:32:35.742 [http-nio-8080-exec-2] SimulatorStartup - in Simulator Startup
[DEBUG] 2018-11-28 20:32:35.742 [http-nio-8080-exec-2] SimulatorStartup - submit: null
[DEBUG] 2018-11-28 20:32:38.533 [http-nio-8080-exec-4] GenericDao - Searching for user with categoryDescription = Frozen Blended
[DEBUG] 2018-11-28 20:32:38.559 [http-nio-8080-exec-4] SimulatorActiveTest - category is... Frozen Blended
[DEBUG] 2018-11-28 20:32:38.559 [http-nio-8080-exec-4] SimulatorActiveTest - id is..........2
[DEBUG] 2018-11-28 20:32:38.687 [http-nio-8080-exec-4] SimulatorStartup - in Simulator Startup
[DEBUG] 2018-11-28 20:32:38.688 [http-nio-8080-exec-4] SimulatorStartup - submit: 2
[DEBUG] 2018-11-28 20:32:40.476 [http-nio-8080-exec-7] SimulatorSelectMenuItem - in simulator:menuItem
[DEBUG] 2018-11-28 20:32:40.477 [http-nio-8080-exec-7] GenericDao - Searching for user with description = Vanilla Frappe 16oz
[DEBUG] 2018-11-28 20:32:40.540 [http-nio-8080-exec-8] SimulatorStartup - in Simulator Startup
[DEBUG] 2018-11-28 20:32:40.540 [http-nio-8080-exec-8] SimulatorStartup - submit: null
[DEBUG] 2018-11-28 20:34:22.229 [http-nio-8080-exec-6] SimulatorStartup - in Simulator Startup
[DEBUG] 2018-11-28 20:34:22.244 [http-nio-8080-exec-6] SimulatorStartup - submit: null
[DEBUG] 2018-11-28 20:34:30.811 [http-nio-8080-exec-9] GenericDao - Searching for user with categoryDescription = Tea Drinks
[DEBUG] 2018-11-28 20:34:31.157 [http-nio-8080-exec-9] SimulatorActiveTest - category is... Tea Drinks
[DEBUG] 2018-11-28 20:34:31.157 [http-nio-8080-exec-9] SimulatorActiveTest - id is..........4
[DEBUG] 2018-11-28 20:34:31.674 [http-nio-8080-exec-9] SimulatorStartup - in Simulator Startup
[DEBUG] 2018-11-28 20:34:31.674 [http-nio-8080-exec-9] SimulatorStartup - submit: 4
[DEBUG] 2018-11-28 20:34:33.818 [http-nio-8080-exec-1] SimulatorSelectMenuItem - in simulator:menuItem
[DEBUG] 2018-11-28 20:34:33.819 [http-nio-8080-exec-1] GenericDao - Searching for user with description = Tazo Tea Latte $2.25
[DEBUG] 2018-11-28 20:34:33.897 [http-nio-8080-exec-1] SimulatorStartup - in Simulator Startup
[DEBUG] 2018-11-28 20:34:33.897 [http-nio-8080-exec-1] SimulatorStartup - submit: null
[DEBUG] 2018-11-28 20:36:32.877 [http-nio-8080-exec-4] GenericDao - Searching for user with categoryDescription = Tea Drinks
[DEBUG] 2018-11-28 20:36:32.909 [http-nio-8080-exec-4] SimulatorActiveTest - category is... Tea Drinks
[DEBUG] 2018-11-28 20:36:32.909 [http-nio-8080-exec-4] SimulatorActiveTest - id is..........4
[DEBUG] 2018-11-28 20:36:33.260 [http-nio-8080-exec-4] SimulatorStartup - in Simulator Startup
[DEBUG] 2018-11-28 20:36:33.260 [http-nio-8080-exec-4] SimulatorStartup - submit: 4
[DEBUG] 2018-11-28 20:36:36.039 [http-nio-8080-exec-7] SimulatorSelectMenuItem - in simulator:menuItem
[DEBUG] 2018-11-28 20:36:36.040 [http-nio-8080-exec-7] GenericDao - Searching for user with description = Rishi Matcha Latte
[DEBUG] 2018-11-28 20:36:36.097 [http-nio-8080-exec-8] SimulatorStartup - in Simulator Startup
[DEBUG] 2018-11-28 20:36:36.097 [http-nio-8080-exec-8] SimulatorStartup - submit: null
[DEBUG] 2018-11-28 20:38:41.076 [http-nio-8080-exec-6] SimulatorStartup - in Simulator Startup
[DEBUG] 2018-11-28 20:38:41.083 [http-nio-8080-exec-6] SimulatorStartup - submit: null
[DEBUG] 2018-11-28 20:38:41.083 [http-nio-8080-exec-6] SimulatorStartup - answer status: answerStatus
[DEBUG] 2018-11-28 20:38:49.486 [http-nio-8080-exec-8] GenericDao - Searching for user with categoryDescription = Frozen Blended
[DEBUG] 2018-11-28 20:38:49.566 [http-nio-8080-exec-8] SimulatorActiveTest - category is... Frozen Blended
[DEBUG] 2018-11-28 20:38:49.567 [http-nio-8080-exec-8] SimulatorActiveTest - id is..........2
[DEBUG] 2018-11-28 20:38:49.889 [http-nio-8080-exec-8] SimulatorStartup - in Simulator Startup
[DEBUG] 2018-11-28 20:38:49.895 [http-nio-8080-exec-8] SimulatorStartup - submit: 2
[DEBUG] 2018-11-28 20:38:49.895 [http-nio-8080-exec-8] SimulatorStartup - answer status: answerStatus
[DEBUG] 2018-11-28 20:39:08.608 [http-nio-8080-exec-10] SimulatorSelectMenuItem - in simulator:menuItem
[DEBUG] 2018-11-28 20:39:08.608 [http-nio-8080-exec-10] GenericDao - Searching for user with description = Chocolate Frappe 12oz
[DEBUG] 2018-11-28 20:39:08.686 [http-nio-8080-exec-1] SimulatorStartup - in Simulator Startup
[DEBUG] 2018-11-28 20:39:08.686 [http-nio-8080-exec-1] SimulatorStartup - submit: null
[DEBUG] 2018-11-28 20:39:08.687 [http-nio-8080-exec-1] SimulatorStartup - answer status: answerStatus
[DEBUG] 2018-11-28 20:39:45.276 [http-nio-8080-exec-4] SimulatorSelectMenuItem - in simulator:menuItem
[DEBUG] 2018-11-28 20:39:45.277 [http-nio-8080-exec-4] GenericDao - Searching for user with description = Americano 12oz
[DEBUG] 2018-11-28 20:39:45.333 [http-nio-8080-exec-5] SimulatorStartup - in Simulator Startup
[DEBUG] 2018-11-28 20:39:45.333 [http-nio-8080-exec-5] SimulatorStartup - submit: null
[DEBUG] 2018-11-28 20:39:45.333 [http-nio-8080-exec-5] SimulatorStartup - answer status: answerStatus
[DEBUG] 2018-11-28 20:40:52.382 [http-nio-8080-exec-6] SimulatorStartup - in Simulator Startup
[DEBUG] 2018-11-28 20:40:52.397 [http-nio-8080-exec-6] SimulatorStartup - submit: null
[DEBUG] 2018-11-28 20:40:52.398 [http-nio-8080-exec-6] SimulatorStartup - answer status: null
[DEBUG] 2018-11-28 20:41:08.038 [http-nio-8080-exec-9] GenericDao - Searching for user with categoryDescription = Brewed Coffee
[DEBUG] 2018-11-28 20:41:08.217 [http-nio-8080-exec-9] SimulatorActiveTest - category is... Brewed Coffee
[DEBUG] 2018-11-28 20:41:08.219 [http-nio-8080-exec-9] SimulatorActiveTest - id is..........3
[DEBUG] 2018-11-28 20:41:08.545 [http-nio-8080-exec-9] SimulatorStartup - in Simulator Startup
[DEBUG] 2018-11-28 20:41:08.545 [http-nio-8080-exec-9] SimulatorStartup - submit: 3
[DEBUG] 2018-11-28 20:41:08.545 [http-nio-8080-exec-9] SimulatorStartup - answer status: null
[DEBUG] 2018-11-28 20:41:18.009 [http-nio-8080-exec-10] GenericDao - Searching for user with categoryDescription = Tea Drinks
[DEBUG] 2018-11-28 20:41:18.055 [http-nio-8080-exec-10] SimulatorActiveTest - category is... Tea Drinks
[DEBUG] 2018-11-28 20:41:18.055 [http-nio-8080-exec-10] SimulatorActiveTest - id is..........4
[DEBUG] 2018-11-28 20:41:18.224 [http-nio-8080-exec-10] SimulatorStartup - in Simulator Startup
[DEBUG] 2018-11-28 20:41:18.224 [http-nio-8080-exec-10] SimulatorStartup - submit: 4
[DEBUG] 2018-11-28 20:41:18.224 [http-nio-8080-exec-10] SimulatorStartup - answer status: null
[DEBUG] 2018-11-28 20:41:22.027 [http-nio-8080-exec-2] SimulatorSelectMenuItem - in simulator:menuItem
[DEBUG] 2018-11-28 20:41:22.028 [http-nio-8080-exec-2] GenericDao - Searching for user with description = Chai Latte 12oz
[DEBUG] 2018-11-28 20:41:22.227 [http-nio-8080-exec-3] SimulatorStartup - in Simulator Startup
[DEBUG] 2018-11-28 20:41:22.227 [http-nio-8080-exec-3] SimulatorStartup - submit: null
[DEBUG] 2018-11-28 20:41:22.227 [http-nio-8080-exec-3] SimulatorStartup - answer status: Need a hint?????Chai Latte 12oz
[DEBUG] 2018-11-28 20:46:00.168 [http-nio-8080-exec-6] SimulatorStartup - in Simulator Startup
[DEBUG] 2018-11-28 20:46:00.176 [http-nio-8080-exec-6] SimulatorStartup - submit: null
[DEBUG] 2018-11-28 20:46:00.176 [http-nio-8080-exec-6] SimulatorStartup - answer status: null
[DEBUG] 2018-11-28 20:46:09.537 [http-nio-8080-exec-8] GenericDao - Searching for user with categoryDescription = Frozen Blended
[DEBUG] 2018-11-28 20:46:09.618 [http-nio-8080-exec-8] SimulatorActiveTest - category is... Frozen Blended
[DEBUG] 2018-11-28 20:46:09.618 [http-nio-8080-exec-8] SimulatorActiveTest - id is..........2
[DEBUG] 2018-11-28 20:46:10.033 [http-nio-8080-exec-9] SimulatorStartup - in Simulator Startup
[DEBUG] 2018-11-28 20:46:10.033 [http-nio-8080-exec-9] SimulatorStartup - submit: 2
[DEBUG] 2018-11-28 20:46:10.033 [http-nio-8080-exec-9] SimulatorStartup - answer status: null
[DEBUG] 2018-11-28 20:46:12.309 [http-nio-8080-exec-10] SimulatorSelectMenuItem - in simulator:menuItem
[DEBUG] 2018-11-28 20:46:12.309 [http-nio-8080-exec-10] GenericDao - Searching for user with description = Latta 12oz
[DEBUG] 2018-11-28 20:46:12.381 [http-nio-8080-exec-1] SimulatorStartup - in Simulator Startup
[DEBUG] 2018-11-28 20:46:12.381 [http-nio-8080-exec-1] SimulatorStartup - submit: null
[DEBUG] 2018-11-28 20:46:12.381 [http-nio-8080-exec-1] SimulatorStartup - answer status: Need a hint?????Latta 12oz
[DEBUG] 2018-11-28 20:46:16.382 [http-nio-8080-exec-3] GenericDao - Searching for user with categoryDescription = Frozen Blended
[DEBUG] 2018-11-28 20:46:16.406 [http-nio-8080-exec-3] SimulatorActiveTest - category is... Frozen Blended
[DEBUG] 2018-11-28 20:46:16.406 [http-nio-8080-exec-3] SimulatorActiveTest - id is..........2
[DEBUG] 2018-11-28 20:46:16.533 [http-nio-8080-exec-3] SimulatorStartup - in Simulator Startup
[DEBUG] 2018-11-28 20:46:16.536 [http-nio-8080-exec-3] SimulatorStartup - submit: 2
[DEBUG] 2018-11-28 20:46:16.536 [http-nio-8080-exec-3] SimulatorStartup - answer status: null
[DEBUG] 2018-11-28 20:46:20.046 [http-nio-8080-exec-5] GenericDao - Searching for user with categoryDescription = Tea Drinks
[DEBUG] 2018-11-28 20:46:20.085 [http-nio-8080-exec-5] SimulatorActiveTest - category is... Tea Drinks
[DEBUG] 2018-11-28 20:46:20.085 [http-nio-8080-exec-5] SimulatorActiveTest - id is..........4
[DEBUG] 2018-11-28 20:46:20.321 [http-nio-8080-exec-7] SimulatorStartup - in Simulator Startup
[DEBUG] 2018-11-28 20:46:20.321 [http-nio-8080-exec-7] SimulatorStartup - submit: 4
[DEBUG] 2018-11-28 20:46:20.321 [http-nio-8080-exec-7] SimulatorStartup - answer status: null
[DEBUG] 2018-11-28 20:47:03.661 [http-nio-8080-exec-6] SimulatorStartup - in Simulator Startup
[DEBUG] 2018-11-28 20:47:03.669 [http-nio-8080-exec-6] SimulatorStartup - submit: null
[DEBUG] 2018-11-28 20:47:03.669 [http-nio-8080-exec-6] SimulatorStartup - answer status: null
[DEBUG] 2018-11-28 20:47:12.483 [http-nio-8080-exec-9] GenericDao - Searching for user with categoryDescription = Brewed Coffee
[DEBUG] 2018-11-28 20:47:12.572 [http-nio-8080-exec-9] SimulatorActiveTest - category is... Brewed Coffee
[DEBUG] 2018-11-28 20:47:12.572 [http-nio-8080-exec-9] SimulatorActiveTest - id is..........3
[DEBUG] 2018-11-28 20:47:12.873 [http-nio-8080-exec-9] SimulatorStartup - in Simulator Startup
[DEBUG] 2018-11-28 20:47:12.876 [http-nio-8080-exec-9] SimulatorStartup - submit: 3
[DEBUG] 2018-11-28 20:47:12.876 [http-nio-8080-exec-9] SimulatorStartup - answer status: null
[DEBUG] 2018-11-28 20:47:15.121 [http-nio-8080-exec-10] SimulatorSelectMenuItem - in simulator:menuItem
[DEBUG] 2018-11-28 20:47:15.122 [http-nio-8080-exec-10] GenericDao - Searching for user with description = Americano 12oz
[DEBUG] 2018-11-28 20:47:15.294 [http-nio-8080-exec-1] SimulatorStartup - in Simulator Startup
[DEBUG] 2018-11-28 20:47:15.294 [http-nio-8080-exec-1] SimulatorStartup - submit: null
[DEBUG] 2018-11-28 20:47:15.294 [http-nio-8080-exec-1] SimulatorStartup - answer status: Need a hint?????Americano 12oz
[DEBUG] 2018-11-28 20:47:17.504 [http-nio-8080-exec-3] GenericDao - Searching for user with categoryDescription = Tea Drinks
[DEBUG] 2018-11-28 20:47:17.535 [http-nio-8080-exec-3] SimulatorActiveTest - category is... Tea Drinks
[DEBUG] 2018-11-28 20:47:17.535 [http-nio-8080-exec-3] SimulatorActiveTest - id is..........4
[DEBUG] 2018-11-28 20:47:17.655 [http-nio-8080-exec-3] SimulatorStartup - in Simulator Startup
[DEBUG] 2018-11-28 20:47:17.655 [http-nio-8080-exec-3] SimulatorStartup - submit: 4
[DEBUG] 2018-11-28 20:47:17.655 [http-nio-8080-exec-3] SimulatorStartup - answer status: null
[DEBUG] 2018-11-28 20:47:19.951 [http-nio-8080-exec-5] GenericDao - Searching for user with categoryDescription = Bakery Items
[DEBUG] 2018-11-28 20:47:19.988 [http-nio-8080-exec-5] SimulatorActiveTest - category is... Bakery Items
[DEBUG] 2018-11-28 20:47:19.988 [http-nio-8080-exec-5] SimulatorActiveTest - id is..........6
[DEBUG] 2018-11-28 20:47:20.125 [http-nio-8080-exec-5] SimulatorStartup - in Simulator Startup
[DEBUG] 2018-11-28 20:47:20.129 [http-nio-8080-exec-5] SimulatorStartup - submit: 6
[DEBUG] 2018-11-28 20:47:20.129 [http-nio-8080-exec-5] SimulatorStartup - answer status: null
[DEBUG] 2018-11-28 20:49:26.049 [http-nio-8080-exec-8] SimulatorStartup - in Simulator Startup
[DEBUG] 2018-11-28 20:49:26.058 [http-nio-8080-exec-8] SimulatorStartup - submit: null
[DEBUG] 2018-11-28 20:49:26.058 [http-nio-8080-exec-8] SimulatorStartup - answer status: null
[DEBUG] 2018-11-28 20:49:34.963 [http-nio-8080-exec-1] GenericDao - Searching for user with categoryDescription = Tea Drinks
[DEBUG] 2018-11-28 20:49:35.053 [http-nio-8080-exec-1] SimulatorActiveTest - category is... Tea Drinks
[DEBUG] 2018-11-28 20:49:35.054 [http-nio-8080-exec-1] SimulatorActiveTest - id is..........4
[DEBUG] 2018-11-28 20:49:35.340 [http-nio-8080-exec-1] SimulatorStartup - in Simulator Startup
[DEBUG] 2018-11-28 20:49:35.342 [http-nio-8080-exec-1] SimulatorStartup - submit: 4
[DEBUG] 2018-11-28 20:49:35.342 [http-nio-8080-exec-1] SimulatorStartup - answer status: null
[DEBUG] 2018-11-28 20:50:32.967 [http-nio-8080-exec-6] SimulatorStartup - in Simulator Startup
[DEBUG] 2018-11-28 20:50:32.977 [http-nio-8080-exec-6] SimulatorStartup - submit: null
[DEBUG] 2018-11-28 20:50:32.978 [http-nio-8080-exec-6] SimulatorStartup - answer status: null
[DEBUG] 2018-11-28 20:50:42.009 [http-nio-8080-exec-10] GenericDao - Searching for user with categoryDescription = Tea Drinks
[DEBUG] 2018-11-28 20:50:42.104 [http-nio-8080-exec-10] SimulatorActiveTest - category is... Tea Drinks
[DEBUG] 2018-11-28 20:50:42.104 [http-nio-8080-exec-10] SimulatorActiveTest - id is..........4
[DEBUG] 2018-11-28 20:50:42.352 [http-nio-8080-exec-10] SimulatorStartup - in Simulator Startup
[DEBUG] 2018-11-28 20:50:42.357 [http-nio-8080-exec-10] SimulatorStartup - submit: 4
[DEBUG] 2018-11-28 20:50:42.357 [http-nio-8080-exec-10] SimulatorStartup - answer status: null
[DEBUG] 2018-11-28 20:50:45.724 [http-nio-8080-exec-2] SimulatorSelectMenuItem - in simulator:menuItem
[DEBUG] 2018-11-28 20:50:45.728 [http-nio-8080-exec-2] GenericDao - Searching for user with description = Tazo Tea Latte $2.25
[DEBUG] 2018-11-28 20:50:45.794 [http-nio-8080-exec-3] SimulatorStartup - in Simulator Startup
[DEBUG] 2018-11-28 20:50:45.794 [http-nio-8080-exec-3] SimulatorStartup - submit: null
[DEBUG] 2018-11-28 20:50:45.794 [http-nio-8080-exec-3] SimulatorStartup - answer status: Need a hint?????Tazo Tea Latte $2.25
[DEBUG] 2018-11-28 20:53:46.340 [http-nio-8080-exec-6] SimulatorStartup - in Simulator Startup
[DEBUG] 2018-11-28 20:53:46.346 [http-nio-8080-exec-6] SimulatorStartup - categoryId: null
[DEBUG] 2018-11-28 20:53:46.348 [http-nio-8080-exec-6] SimulatorStartup - answer status: null
[DEBUG] 2018-11-28 20:53:55.598 [http-nio-8080-exec-10] GenericDao - Searching for user with categoryDescription = Tea Drinks
[DEBUG] 2018-11-28 20:53:55.672 [http-nio-8080-exec-10] SimulatorActiveTest - category is... Tea Drinks
[DEBUG] 2018-11-28 20:53:55.673 [http-nio-8080-exec-10] SimulatorActiveTest - id is..........4
[DEBUG] 2018-11-28 20:53:56.006 [http-nio-8080-exec-10] SimulatorStartup - in Simulator Startup
[DEBUG] 2018-11-28 20:53:56.023 [http-nio-8080-exec-10] SimulatorStartup - categoryId: 4
[DEBUG] 2018-11-28 20:53:56.023 [http-nio-8080-exec-10] SimulatorStartup - answer status: null
[DEBUG] 2018-11-28 20:54:13.025 [http-nio-8080-exec-2] GenericDao - Searching for user with categoryDescription = Cold Bottled
[DEBUG] 2018-11-28 20:54:13.058 [http-nio-8080-exec-2] SimulatorActiveTest - category is... Cold Bottled
[DEBUG] 2018-11-28 20:54:13.058 [http-nio-8080-exec-2] SimulatorActiveTest - id is..........5
[DEBUG] 2018-11-28 20:54:13.264 [http-nio-8080-exec-2] SimulatorStartup - in Simulator Startup
[DEBUG] 2018-11-28 20:54:13.264 [http-nio-8080-exec-2] SimulatorStartup - categoryId: 5
[DEBUG] 2018-11-28 20:54:13.264 [http-nio-8080-exec-2] SimulatorStartup - answer status: null
[DEBUG] 2018-11-28 20:54:24.089 [http-nio-8080-exec-4] SimulatorSelectMenuItem - in simulator:menuItem
[DEBUG] 2018-11-28 20:54:24.090 [http-nio-8080-exec-4] GenericDao - Searching for user with description = Orange Juice
[DEBUG] 2018-11-28 20:54:24.145 [http-nio-8080-exec-4] SimulatorSelectMenuItem - categoryId: null
[DEBUG] 2018-11-28 20:54:24.168 [http-nio-8080-exec-5] SimulatorStartup - in Simulator Startup
[DEBUG] 2018-11-28 20:54:24.170 [http-nio-8080-exec-5] SimulatorStartup - categoryId: null
[DEBUG] 2018-11-28 20:54:24.170 [http-nio-8080-exec-5] SimulatorStartup - answer status: Need a hint?????Orange Juice
[DEBUG] 2018-11-28 21:00:51.678 [http-nio-8080-exec-8] SimulatorStartup - in Simulator Startup
[DEBUG] 2018-11-28 21:00:51.690 [http-nio-8080-exec-8] SimulatorStartup - categoryId: null
[DEBUG] 2018-11-28 21:00:51.690 [http-nio-8080-exec-8] SimulatorStartup - answer status: null
[DEBUG] 2018-11-28 21:01:00.933 [http-nio-8080-exec-1] GenericDao - Searching for user with categoryDescription = Tea Drinks
[DEBUG] 2018-11-28 21:01:01.014 [http-nio-8080-exec-1] SimulatorActiveTest - category is... Tea Drinks
[DEBUG] 2018-11-28 21:01:01.014 [http-nio-8080-exec-1] SimulatorActiveTest - id is..........4
[DEBUG] 2018-11-28 21:01:01.318 [http-nio-8080-exec-1] SimulatorStartup - in Simulator Startup
[DEBUG] 2018-11-28 21:01:01.320 [http-nio-8080-exec-1] SimulatorStartup - categoryId: 4
[DEBUG] 2018-11-28 21:01:01.320 [http-nio-8080-exec-1] SimulatorStartup - answer status: null
[DEBUG] 2018-11-28 21:01:03.021 [http-nio-8080-exec-2] SimulatorSelectMenuItem - in simulator:menuItem
[DEBUG] 2018-11-28 21:01:03.022 [http-nio-8080-exec-2] GenericDao - Searching for user with description = Tazo Tea Latte $2.25
[DEBUG] 2018-11-28 21:01:03.185 [http-nio-8080-exec-2] SimulatorSelectMenuItem - categoryId: null
[DEBUG] 2018-11-28 21:01:03.326 [http-nio-8080-exec-3] SimulatorStartup - in Simulator Startup
[DEBUG] 2018-11-28 21:01:03.327 [http-nio-8080-exec-3] SimulatorStartup - categoryId: 4
[DEBUG] 2018-11-28 21:01:03.327 [http-nio-8080-exec-3] SimulatorStartup - answer status: Need a hint?????Tazo Tea Latte $2.25
[DEBUG] 2018-11-28 21:01:07.966 [http-nio-8080-exec-5] SimulatorSelectMenuItem - in simulator:menuItem
[DEBUG] 2018-11-28 21:01:07.966 [http-nio-8080-exec-5] GenericDao - Searching for user with description = Rishi Matcha Latte
[DEBUG] 2018-11-28 21:01:07.999 [http-nio-8080-exec-5] SimulatorSelectMenuItem - categoryId: null
[DEBUG] 2018-11-28 21:01:08.102 [http-nio-8080-exec-6] SimulatorStartup - in Simulator Startup
[DEBUG] 2018-11-28 21:01:08.102 [http-nio-8080-exec-6] SimulatorStartup - categoryId: 4
[DEBUG] 2018-11-28 21:01:08.102 [http-nio-8080-exec-6] SimulatorStartup - answer status: Need a hint?????Rishi Matcha Latte
[DEBUG] 2018-11-28 21:01:11.019 [http-nio-8080-exec-9] SimulatorSelectMenuItem - in simulator:menuItem
[DEBUG] 2018-11-28 21:01:11.020 [http-nio-8080-exec-9] GenericDao - Searching for user with description = Tazo Tea 16oz
[DEBUG] 2018-11-28 21:01:11.048 [http-nio-8080-exec-9] SimulatorSelectMenuItem - categoryId: null
[DEBUG] 2018-11-28 21:01:11.071 [http-nio-8080-exec-10] SimulatorStartup - in Simulator Startup
[DEBUG] 2018-11-28 21:01:11.071 [http-nio-8080-exec-10] SimulatorStartup - categoryId: 4
[DEBUG] 2018-11-28 21:01:11.071 [http-nio-8080-exec-10] SimulatorStartup - answer status: Need a hint?????Tazo Tea 16oz
[DEBUG] 2018-11-28 21:01:12.813 [http-nio-8080-exec-1] GenericDao - Searching for user with categoryDescription = Brewed Coffee
[DEBUG] 2018-11-28 21:01:12.841 [http-nio-8080-exec-1] SimulatorActiveTest - category is... Brewed Coffee
[DEBUG] 2018-11-28 21:01:12.841 [http-nio-8080-exec-1] SimulatorActiveTest - id is..........3
[DEBUG] 2018-11-28 21:01:12.978 [http-nio-8080-exec-1] SimulatorStartup - in Simulator Startup
[DEBUG] 2018-11-28 21:01:12.978 [http-nio-8080-exec-1] SimulatorStartup - categoryId: 3
[DEBUG] 2018-11-28 21:01:12.978 [http-nio-8080-exec-1] SimulatorStartup - answer status: null
[DEBUG] 2018-11-28 21:01:14.645 [http-nio-8080-exec-3] SimulatorSelectMenuItem - in simulator:menuItem
[DEBUG] 2018-11-28 21:01:14.645 [http-nio-8080-exec-3] GenericDao - Searching for user with description = Hot Coffee 16oz
[DEBUG] 2018-11-28 21:01:14.678 [http-nio-8080-exec-3] SimulatorSelectMenuItem - categoryId: null
[DEBUG] 2018-11-28 21:01:14.786 [http-nio-8080-exec-4] SimulatorStartup - in Simulator Startup
[DEBUG] 2018-11-28 21:01:14.786 [http-nio-8080-exec-4] SimulatorStartup - categoryId: 3
[DEBUG] 2018-11-28 21:01:14.786 [http-nio-8080-exec-4] SimulatorStartup - answer status: Need a hint?????Hot Coffee 16oz
[DEBUG] 2018-11-28 21:01:34.037 [http-nio-8080-exec-7] SimulatorStartup - in Simulator Startup
[DEBUG] 2018-11-28 21:01:34.037 [http-nio-8080-exec-7] SimulatorStartup - categoryId: 3
[DEBUG] 2018-11-28 21:01:34.037 [http-nio-8080-exec-7] SimulatorStartup - answer status: Need a hint?????Hot Coffee 16oz
[DEBUG] 2018-11-28 21:04:53.993 [http-nio-8080-exec-8] GenericDao - Searching for user with categoryDescription = Cold Bottled
[DEBUG] 2018-11-28 21:04:54.012 [http-nio-8080-exec-8] SimulatorActiveTest - category is... Cold Bottled
[DEBUG] 2018-11-28 21:04:54.012 [http-nio-8080-exec-8] SimulatorActiveTest - id is..........5
[DEBUG] 2018-11-28 21:04:54.185 [http-nio-8080-exec-8] SimulatorStartup - in Simulator Startup
[DEBUG] 2018-11-28 21:04:54.185 [http-nio-8080-exec-8] SimulatorStartup - categoryId: 5
[DEBUG] 2018-11-28 21:04:54.185 [http-nio-8080-exec-8] SimulatorStartup - answer status: null
[DEBUG] 2018-11-28 21:05:01.323 [http-nio-8080-exec-2] SimulatorSelectMenuItem - in simulator:menuItem
[DEBUG] 2018-11-28 21:05:01.325 [http-nio-8080-exec-2] GenericDao - Searching for user with description = Sparkling Water
[DEBUG] 2018-11-28 21:05:01.355 [http-nio-8080-exec-2] SimulatorSelectMenuItem - categoryId: null
[DEBUG] 2018-11-28 21:05:01.365 [http-nio-8080-exec-3] SimulatorStartup - in Simulator Startup
[DEBUG] 2018-11-28 21:05:01.366 [http-nio-8080-exec-3] SimulatorStartup - categoryId: 5
[DEBUG] 2018-11-28 21:05:01.366 [http-nio-8080-exec-3] SimulatorStartup - answer status: Need a hint?????Sparkling Water
